<?xml version="1.0" encoding="UTF-8"?>
<!-- Generated by org.testng.reporters.JUnitXMLReporter -->
<testsuite ignored="2" hostname="DESKTOP-NO62424" failures="4" tests="6" name="Test" time="80.684" errors="0" timestamp="2024-11-28T22:52:15 IST">
  <testcase classname="testcases.TC003_LoginDDT" name="TC003_verify_LoginDDT" time="3.126"/>
  <testcase classname="testcases.TC003_LoginDDT" name="TC003_verify_LoginDDT" time="11.923">
    <failure type="java.lang.AssertionError" message="expected [true] but found [false]">
      <![CDATA[java.lang.AssertionError: expected [true] but found [false]
at testcases.TC003_LoginDDT.TC003_verify_LoginDDT(TC003_LoginDDT.java:60)
at java.base/java.util.ArrayList.forEach(ArrayList.java:1597)
... Removed 29 stack frames]]>
    </failure>
  </testcase> <!-- TC003_verify_LoginDDT -->
  <testcase classname="testcases.TC003_LoginDDT" name="TC003_verify_LoginDDT" time="11.6">
    <failure type="java.lang.AssertionError" message="expected [true] but found [false]">
      <![CDATA[java.lang.AssertionError: expected [true] but found [false]
at testcases.TC003_LoginDDT.TC003_verify_LoginDDT(TC003_LoginDDT.java:60)
at java.base/java.util.ArrayList.forEach(ArrayList.java:1597)
... Removed 29 stack frames]]>
    </failure>
  </testcase> <!-- TC003_verify_LoginDDT -->
  <testcase classname="testcases.TC003_LoginDDT" name="TC003_verify_LoginDDT" time="11.687">
    <failure type="java.lang.AssertionError" message="expected [true] but found [false]">
      <![CDATA[java.lang.AssertionError: expected [true] but found [false]
at testcases.TC003_LoginDDT.TC003_verify_LoginDDT(TC003_LoginDDT.java:60)
at java.base/java.util.ArrayList.forEach(ArrayList.java:1597)
... Removed 29 stack frames]]>
    </failure>
  </testcase> <!-- TC003_verify_LoginDDT -->
  <testcase classname="testcases.TC003_LoginDDT" name="TC003_verify_LoginDDT" time="11.673">
    <failure type="java.lang.AssertionError" message="expected [true] but found [false]">
      <![CDATA[java.lang.AssertionError: expected [true] but found [false]
at testcases.TC003_LoginDDT.TC003_verify_LoginDDT(TC003_LoginDDT.java:60)
at java.base/java.util.ArrayList.forEach(ArrayList.java:1597)
... Removed 29 stack frames]]>
    </failure>
  </testcase> <!-- TC003_verify_LoginDDT -->
  <testcase classname="testcases.TC003_LoginDDT" name="TC003_verify_LoginDDT" time="2.436"/>
  <testcase classname="testcases.TC002_LoginTest" name="verify_Login" time="0.0">
    <ignored/>
  </testcase> <!-- verify_Login -->
  <testcase classname="testcases.TC001_AccountRegistractionTest" name="TC001_AccountRegistrationTest" time="0.0">
    <ignored/>
  </testcase> <!-- TC001_AccountRegistrationTest -->
</testsuite> <!-- Test -->
