<?xml version="1.0" encoding="UTF-8"?>
<!-- Generated by org.testng.reporters.JUnitReportReporter -->
<testsuite hostname="DESKTOP-NO62424" failures="2" tests="118" name="testcases.HomePage_TestCases" time="145.436" errors="0" timestamp="2025-04-30T23:00:25 IST" skipped="4">
  <testcase classname="testcases.HomePage_TestCases" name="TC046_ClickonphonesandpdaslnkRedirectingtoPhonesAndPDASPage" time="0.985"/>
  <testcase classname="testcases.HomePage_TestCases" name="TC080_VerifyiPhoneExTax" time="0.589"/>
  <testcase classname="testcases.HomePage_TestCases" name="TC083_VerifyAddtoCartButtonofiPhoneProduct" time="0.818"/>
  <testcase classname="testcases.HomePage_TestCases" name="TC092_verifyAgroupof3ButtonsaredisplayedinAppleCinema30Product" time="0.440"/>
  <testcase classname="testcases.HomePage_TestCases" name="TC025_VerifyOrderHistoryLinkRedirectingtoOrderHistoryPage" time="3.890"/>
  <testcase classname="testcases.HomePage_TestCases" name="TC063_ClickonTest6_0_lnkRedirectingtotest6Page" time="1.536"/>
  <testcase classname="testcases.HomePage_TestCases" name="TC068_verifyFourProductsInFeaturedHeadline" time="1.027"/>
  <testcase classname="testcases.HomePage_TestCases" name="TC004_verifyCurencyareDisplayedinsideCurrencyLink" time="0.676"/>
  <testcase classname="testcases.HomePage_TestCases" name="TC014_VerifyShoppingCartlnkRedirectingtoShoppingCartPageWithoutLogin" time="1.005"/>
  <testcase classname="testcases.HomePage_TestCases" name="TC075_VerifyAddtoWishListButtonofMacBookProductWithoutLogin" time="1.384"/>
  <testcase classname="testcases.HomePage_TestCases" name="TC079_VerifyiPhoneDescription" time="0.538"/>
  <testcase classname="testcases.HomePage_TestCases" name="TC039_monitors2lnkkisredirectingtomonitorsPage" time="1.086"/>
  <testcase classname="testcases.HomePage_TestCases" name="TC048_hoveringMouseOnMp3PlayersLink" time="1.331"/>
  <testcase classname="testcases.HomePage_TestCases" name="TC026_VerifyTransactionsLinkRedirectingtoYourTransactionsPage" time="3.763"/>
  <testcase classname="testcases.HomePage_TestCases" name="TC086_VerifyCompareThisProductsButtonofiPhoneProduct" time="0.763"/>
  <testcase classname="testcases.HomePage_TestCases" name="TC029_hoveringMouseOnDesktopsLink" time="1.695"/>
  <testcase classname="testcases.HomePage_TestCases" name="TC012_VerifyWishListlnkRedirectingtoReturingCustomerPageWithoutLogin" time="1.149"/>
  <testcase classname="testcases.HomePage_TestCases" name="TC011_VerifyLoginlnkRedirectingtoReturingCustomerPage" time="1.102"/>
  <testcase classname="testcases.HomePage_TestCases" name="TC071_VerifyMacBookTax" time="0.441">
    <failure message="Tax is not matching expected [Tax:$600.00] but found [$602.00
Ex Tax:$500.00]" type="java.lang.AssertionError">
      <![CDATA[java.lang.AssertionError: Tax is not matching expected [Tax:$600.00] but found [$602.00
Ex Tax:$500.00]
at org.testng.Assert.fail(Assert.java:111)
at org.testng.Assert.failNotEquals(Assert.java:1578)
at org.testng.Assert.assertEqualsImpl(Assert.java:150)
at org.testng.Assert.assertEquals(Assert.java:132)
at org.testng.Assert.assertEquals(Assert.java:656)
at testcases.HomePage_TestCases.TC071_VerifyMacBookTax(HomePage_TestCases.java:1269)
at java.base/jdk.internal.reflect.DirectMethodHandleAccessor.invoke(DirectMethodHandleAccessor.java:103)
at java.base/java.lang.reflect.Method.invoke(Method.java:580)
at org.testng.internal.invokers.MethodInvocationHelper.invokeMethod(MethodInvocationHelper.java:141)
at org.testng.internal.invokers.TestInvoker.invokeMethod(TestInvoker.java:686)
at org.testng.internal.invokers.TestInvoker.invokeTestMethod(TestInvoker.java:230)
at org.testng.internal.invokers.MethodRunner.runInSequence(MethodRunner.java:63)
at org.testng.internal.invokers.TestInvoker$MethodInvocationAgent.invoke(TestInvoker.java:992)
at org.testng.internal.invokers.TestInvoker.invokeTestMethods(TestInvoker.java:203)
at org.testng.internal.invokers.TestMethodWorker.invokeTestMethods(TestMethodWorker.java:154)
at org.testng.internal.invokers.TestMethodWorker.run(TestMethodWorker.java:134)
at java.base/java.util.ArrayList.forEach(ArrayList.java:1597)
at org.testng.TestRunner.privateRun(TestRunner.java:739)
at org.testng.TestRunner.run(TestRunner.java:614)
at org.testng.SuiteRunner.runTest(SuiteRunner.java:421)
at org.testng.SuiteRunner.runSequentially(SuiteRunner.java:413)
at org.testng.SuiteRunner.privateRun(SuiteRunner.java:373)
at org.testng.SuiteRunner.run(SuiteRunner.java:312)
at org.testng.SuiteRunnerWorker.runSuite(SuiteRunnerWorker.java:52)
at org.testng.SuiteRunnerWorker.run(SuiteRunnerWorker.java:95)
at org.testng.TestNG.runSuitesSequentially(TestNG.java:1274)
at org.testng.TestNG.runSuitesLocally(TestNG.java:1208)
at org.testng.TestNG.runSuites(TestNG.java:1112)
at org.testng.TestNG.run(TestNG.java:1079)
at org.testng.remote.AbstractRemoteTestNG.run(AbstractRemoteTestNG.java:115)
at org.testng.remote.RemoteTestNG.initAndRun(RemoteTestNG.java:293)
at org.testng.remote.RemoteTestNG.main(RemoteTestNG.java:91)
]]>
    </failure>
  </testcase> <!-- TC071_VerifyMacBookTax -->
  <testcase classname="testcases.HomePage_TestCases" name="TC099_VerifyCanonEOS5DExTax" time="0.494"/>
  <testcase classname="testcases.HomePage_TestCases" name="TC056_ClickonTest20_0_lnkRedirectingtotest20Page" time="1.391"/>
  <testcase classname="testcases.HomePage_TestCases" name="TC094_VerifyAddtoWishListButtonofAppleCinema30ProductWithoutLogin" time="0.843"/>
  <testcase classname="testcases.HomePage_TestCases" name="TC077_VerifyCompareThisProductsButtonofMacBookProduct" time="0.718"/>
  <testcase classname="testcases.HomePage_TestCases" name="TC057_ClickonTest21_0_lnkRedirectingtotest21Page" time="1.090"/>
  <testcase classname="testcases.HomePage_TestCases" name="TC044_ClickontabletslnkRedirectingtoTabletsPage" time="0.965"/>
  <testcase classname="testcases.HomePage_TestCases" name="TC087_VerifyAppleCinema30LnkisRedirectToAppleCinema30Page" time="1.173"/>
  <testcase classname="testcases.HomePage_TestCases" name="TC033_hoveringMouseOnLaptopsandNotebooksLink" time="0.817"/>
  <testcase classname="testcases.HomePage_TestCases" name="TC074_VerifyAddtoCartButtonofMacBookProduct" time="0.882"/>
  <testcase classname="testcases.HomePage_TestCases" name="TC045_ClickonsofwarelnkRedirectingtoSoftwarePage" time="1.001"/>
  <testcase classname="testcases.HomePage_TestCases" name="TC058_ClickonTest22_0_lnkRedirectingtotest22Page" time="1.157"/>
  <testcase classname="testcases.HomePage_TestCases" name="TC113_VerifyClickonSiteMapLinkRedirectingToSiteMapPage" time="1.059"/>
  <testcase classname="testcases.HomePage_TestCases" name="TC053_ClickonTest17_0_lnkRedirectingtotest17Page" time="0.997"/>
  <testcase classname="testcases.HomePage_TestCases" name="TC085_VerifyAddtoWishListButtonofiPhoneProductWithLogin" time="6.417"/>
  <testcase classname="testcases.HomePage_TestCases" name="TC050_ClickonTest12_0_lnkRedirectingtotest12Page" time="0.862"/>
  <testcase classname="testcases.HomePage_TestCases" name="TC072_VerifyMacBookExTax" time="0.499"/>
  <testcase classname="testcases.HomePage_TestCases" name="TC002_VerifyHomePageTitle" time="0.390"/>
  <testcase classname="testcases.HomePage_TestCases" name="TC051_ClickonTest15_0_lnkRedirectingtotest15Page" time="1.004"/>
  <testcase classname="testcases.HomePage_TestCases" name="TC111_VerifyClickonContactUsLinkRedirectingToContactUsPage" time="0.971"/>
  <testcase classname="testcases.HomePage_TestCases" name="TC005_VerifyEuroCurrencyButtonTest" time="1.375"/>
  <testcase classname="testcases.HomePage_TestCases" name="TC090_VerifyAppleCinema30NewTax" time="0.415"/>
  <testcase classname="testcases.HomePage_TestCases" name="TC037_hoveringMouseOncomponentsLink" time="0.886"/>
  <testcase classname="testcases.HomePage_TestCases" name="TC105_VerifyAddtoCanonEOS5DButtonofCanonEOS5DProductWithLogin" time="5.203"/>
  <testcase classname="testcases.HomePage_TestCases" name="TC036_ShowAllLaptopsandNotebooksLinkisredirectingtoLaptopsandNotebooksPage" time="1.057"/>
  <testcase classname="testcases.HomePage_TestCases" name="TC047_ClickoncameraslnkRedirectingtoCamerasPage" time="0.925"/>
  <testcase classname="testcases.HomePage_TestCases" name="TC076_VerifyAddtoWishListButtonofMacBookProductWithLogin" time="5.063"/>
  <testcase classname="testcases.HomePage_TestCases" name="TC088_VerifyAppleCinema30Description" time="0.621"/>
  <testcase classname="testcases.HomePage_TestCases" name="TC003_VerifyISLogoDisplayed" time="0.640"/>
  <testcase classname="testcases.HomePage_TestCases" name="TC018_VerifysearchInputBoxIsEnabled" time="0.386"/>
  <testcase classname="testcases.HomePage_TestCases" name="TC060_ClickonTest24_0_lnkRedirectingtotest24Page" time="1.129"/>
  <testcase classname="testcases.HomePage_TestCases" name="TC093_VerifyAddtoCartButtonoRedirectingToAppleCinema30ProductPage" time="1.222"/>
  <testcase classname="testcases.HomePage_TestCases" name="TC001_VerifyHomePageLoadSuccessfully" time="0.663"/>
  <testcase classname="testcases.HomePage_TestCases" name="TC041_scanners0lnkisredirectingtoScannersPage" time="1.138"/>
  <testcase classname="testcases.HomePage_TestCases" name="TC023_VerifyaddtocartbuttonRedirectingtoPageWithMsgWithoutLogin" time="0.659"/>
  <testcase classname="testcases.HomePage_TestCases" name="TC082_verifyAgroupof3ButtonsaredisplayediniPhoneProduct" time="0.316"/>
  <testcase classname="testcases.HomePage_TestCases" name="TC031_Mac1LinkisredirectingtoMacPage" time="1.081"/>
  <testcase classname="testcases.HomePage_TestCases" name="TC102_verifyAgroupof3ButtonsaredisplayedinCanonEOS5DProduct" time="0.389"/>
  <testcase classname="testcases.HomePage_TestCases" name="TC010_VerifyRegisterlnkRedirectingtoRegisterAccountPage" time="1.347"/>
  <testcase classname="testcases.HomePage_TestCases" name="TC089_VerifyAppleCinema30ExTax" time="0.506"/>
  <testcase classname="testcases.HomePage_TestCases" name="TC0103_VerifyAddtoCartButtonoRedirectingToCanonEOS5DProductPage" time="0.467"/>
  <testcase classname="testcases.HomePage_TestCases" name="TC019_VerifysearchInputBoxWithRegisteredtextValue" time="1.324"/>
  <testcase classname="testcases.HomePage_TestCases" name="TC070_VerifyMacBookDescription" time="0.609"/>
  <testcase classname="testcases.HomePage_TestCases" name="TC066_ClickonTest9_0_lnkRedirectingtotest9Page" time="1.593"/>
  <testcase classname="testcases.HomePage_TestCases" name="TC024_VerifyMyAccountLinkRedirectingtoMyAccountPage" time="3.798"/>
  <testcase classname="testcases.HomePage_TestCases" name="TC043_ClickonshowallcomponentslnisredirectingtoComponentsPage" time="1.097"/>
  <testcase classname="testcases.HomePage_TestCases" name="TC038_miceandtrackballs0lnkisredirectingtomiceandtrackballsPage" time="1.121"/>
  <testcase classname="testcases.HomePage_TestCases" name="TC101_VerifyCanonEOS5DOldTax" time="0.414"/>
  <testcase classname="testcases.HomePage_TestCases" name="TC061_ClickonTest4_0_lnkRedirectingtotest4Page" time="1.048"/>
  <testcase classname="testcases.HomePage_TestCases" name="TC040_printers0lnkisredirectingtoPrinterskPage" time="1.136"/>
  <testcase classname="testcases.HomePage_TestCases" name="TC107_VerifyClickonAboutUsLinkRedirectingToAboutUsPage" time="1.057"/>
  <testcase classname="testcases.HomePage_TestCases" name="TC049_ClickonTest11_0_lnkRedirectingtotest11Page" time="2.317"/>
  <testcase classname="testcases.HomePage_TestCases" name="TC032_ShowAllDesktopsLinkisredirectingtoDesktopsPage" time="1.338"/>
  <testcase classname="testcases.HomePage_TestCases" name="TC100_VerifyCanonEOS5DNewTax" time="0.443"/>
  <testcase classname="testcases.HomePage_TestCases" name="TC073_verifyAgroupof3ButtonsaredisplayedinMacbookProduct" time="0.451"/>
  <testcase classname="testcases.HomePage_TestCases" name="TC027_VerifyDownloadsLinkRedirectingtoAccountDownloadsPage" time="3.696"/>
  <testcase classname="testcases.HomePage_TestCases" name="TC054_ClickonTest18_0_lnkRedirectingtotest18Page" time="0.971"/>
  <testcase classname="testcases.HomePage_TestCases" name="TC062_ClickonTest5_0_lnkRedirectingtotest5Page" time="1.060"/>
  <testcase classname="testcases.HomePage_TestCases" name="TC084_VerifyAddtoWishListButtonofiPhoneProductWithoutLogin" time="0.774"/>
  <testcase classname="testcases.HomePage_TestCases" name="TC016_VerifycheckoutlnkRedirectingtoShoppingCartPageWithoutLogin" time="0.995"/>
  <testcase classname="testcases.HomePage_TestCases" name="TC095_VerifyAddtoAppleCinema30ButtonofAppleCinema30ProductWithLogin" time="5.679"/>
  <testcase classname="testcases.HomePage_TestCases" name="TC078_VerifyiphoneLnkisRedirectToiphonePage" time="1.016"/>
  <testcase classname="testcases.HomePage_TestCases" name="TC118_VerifyClickonSpecialLinkRedirectingToSpecialOffersPage" time="1.028"/>
  <testcase classname="testcases.HomePage_TestCases" name="TC034_Macs0LinkisredirectingtoMacsPage" time="1.148"/>
  <testcase classname="testcases.HomePage_TestCases" name="TC117_VerifyClickonAffiliateLinkRedirectingToMyAffiliateAccountPageWithLogin" time="3.712"/>
  <testcase classname="testcases.HomePage_TestCases" name="TC096_VerifyCompareThisProductsButtonofAppleCinema30Product" time="0.825"/>
  <testcase classname="testcases.HomePage_TestCases" name="TC091_VerifyAppleCinema30OldTax" time="0.447"/>
  <testcase classname="testcases.HomePage_TestCases" name="TC109_VerifyClickonPrivacypolicyLinkRedirectingToPrivacypolicyPage" time="0.974"/>
  <testcase classname="testcases.HomePage_TestCases" name="TC035_windows0LinkisredirectingtoWindowsPage" time="1.004"/>
  <testcase classname="testcases.HomePage_TestCases" name="TC104_VerifyAddtoWishListButtonofCanonEOS5DProductWithoutLogin" time="0.802"/>
  <testcase classname="testcases.HomePage_TestCases" name="TC110_VerifyClickonTermsAndConditionsLinkRedirectingToTermsAndConditionsPage" time="0.812"/>
  <testcase classname="testcases.HomePage_TestCases" name="TC020_VerifysearchInputBoxWithUnRegisteredtextValue" time="1.049"/>
  <testcase classname="testcases.HomePage_TestCases" name="TC115_VerifyClickonGiftCertificatesLinkRedirectingToPurchaseAGiftCertificatePage" time="1.013"/>
  <testcase classname="testcases.HomePage_TestCases" name="TC059_ClickonTest23_0_lnkRedirectingtotest23Page" time="1.022"/>
  <testcase classname="testcases.HomePage_TestCases" name="TC098_VerifyCanonEOS5DDescription" time="0.422"/>
  <testcase classname="testcases.HomePage_TestCases" name="TC021_VerifysearchInputBoxWithNotextValue" time="1.233"/>
  <testcase classname="testcases.HomePage_TestCases" name="TC055_ClickonTest19_0_lnkRedirectingtotest19Page" time="0.955"/>
  <testcase classname="testcases.HomePage_TestCases" name="TC069_VerifyMacBooklinkisredirectingtoMacBookpage" time="1.373"/>
  <testcase classname="testcases.HomePage_TestCases" name="TC065_ClickonTest8_0_lnkRedirectingtotest8Page" time="1.140"/>
  <testcase classname="testcases.HomePage_TestCases" name="TC007_VerifyDollarCurrencyButtonTest" time="1.323"/>
  <testcase classname="testcases.HomePage_TestCases" name="TC108_VerifyClickonDeliveryInformationLinkRedirectingToDeliveryInformationPage" time="0.899"/>
  <testcase classname="testcases.HomePage_TestCases" name="TC028_VerifyLogoutLinkRedirectingtoLogoutPage" time="2.901"/>
  <testcase classname="testcases.HomePage_TestCases" name="TC106_VerifyCompareThisProductsButtonofCanonEOS5DProduct" time="0.847"/>
  <testcase classname="testcases.HomePage_TestCases" name="TC042_webcameras0lnkisredirectingtoWebCamerasPage" time="1.207"/>
  <testcase classname="testcases.HomePage_TestCases" name="TC097_VerifyCanonEOS5DLnkisRedirectToCanonEOS5DPage" time="0.932"/>
  <testcase classname="testcases.HomePage_TestCases" name="TC009_verifyLinksareDisplayedinsideMyAccountLink" time="0.706"/>
  <testcase classname="testcases.HomePage_TestCases" name="TC030_PC0LinkisredirectingtoPCPage" time="0.924"/>
  <testcase classname="testcases.HomePage_TestCases" name="TC081_VerifyiPhoneTax" time="0.397">
    <failure message="Tax is not matching expected [$123.00] but found [$123.20
Ex Tax:$101.00]" type="java.lang.AssertionError">
      <![CDATA[java.lang.AssertionError: Tax is not matching expected [$123.00] but found [$123.20
Ex Tax:$101.00]
at org.testng.Assert.fail(Assert.java:111)
at org.testng.Assert.failNotEquals(Assert.java:1578)
at org.testng.Assert.assertEqualsImpl(Assert.java:150)
at org.testng.Assert.assertEquals(Assert.java:132)
at org.testng.Assert.assertEquals(Assert.java:656)
at testcases.HomePage_TestCases.TC081_VerifyiPhoneTax(HomePage_TestCases.java:1464)
at java.base/jdk.internal.reflect.DirectMethodHandleAccessor.invoke(DirectMethodHandleAccessor.java:103)
at java.base/java.lang.reflect.Method.invoke(Method.java:580)
at org.testng.internal.invokers.MethodInvocationHelper.invokeMethod(MethodInvocationHelper.java:141)
at org.testng.internal.invokers.TestInvoker.invokeMethod(TestInvoker.java:686)
at org.testng.internal.invokers.TestInvoker.invokeTestMethod(TestInvoker.java:230)
at org.testng.internal.invokers.MethodRunner.runInSequence(MethodRunner.java:63)
at org.testng.internal.invokers.TestInvoker$MethodInvocationAgent.invoke(TestInvoker.java:992)
at org.testng.internal.invokers.TestInvoker.invokeTestMethods(TestInvoker.java:203)
at org.testng.internal.invokers.TestMethodWorker.invokeTestMethods(TestMethodWorker.java:154)
at org.testng.internal.invokers.TestMethodWorker.run(TestMethodWorker.java:134)
at java.base/java.util.ArrayList.forEach(ArrayList.java:1597)
at org.testng.TestRunner.privateRun(TestRunner.java:739)
at org.testng.TestRunner.run(TestRunner.java:614)
at org.testng.SuiteRunner.runTest(SuiteRunner.java:421)
at org.testng.SuiteRunner.runSequentially(SuiteRunner.java:413)
at org.testng.SuiteRunner.privateRun(SuiteRunner.java:373)
at org.testng.SuiteRunner.run(SuiteRunner.java:312)
at org.testng.SuiteRunnerWorker.runSuite(SuiteRunnerWorker.java:52)
at org.testng.SuiteRunnerWorker.run(SuiteRunnerWorker.java:95)
at org.testng.TestNG.runSuitesSequentially(TestNG.java:1274)
at org.testng.TestNG.runSuitesLocally(TestNG.java:1208)
at org.testng.TestNG.runSuites(TestNG.java:1112)
at org.testng.TestNG.run(TestNG.java:1079)
at org.testng.remote.AbstractRemoteTestNG.run(AbstractRemoteTestNG.java:115)
at org.testng.remote.RemoteTestNG.initAndRun(RemoteTestNG.java:293)
at org.testng.remote.RemoteTestNG.main(RemoteTestNG.java:91)
]]>
    </failure>
  </testcase> <!-- TC081_VerifyiPhoneTax -->
  <testcase classname="testcases.HomePage_TestCases" name="TC006_VerifyPoundCurrencyButtonTest" time="1.323"/>
  <testcase classname="testcases.HomePage_TestCases" name="TC116_VerifyClickonAffiliateLinkRedirectingToAffiliateProgramPageWithoutLogin" time="1.027"/>
  <testcase classname="testcases.HomePage_TestCases" name="TC008_VerifyContactlnkRedirectingtoContactPage" time="1.199"/>
  <testcase classname="testcases.HomePage_TestCases" name="TC067_ClickonShowAllMP3PlayerslnkRedirectingtoMP3PlayersPage" time="4.057"/>
  <testcase classname="testcases.HomePage_TestCases" name="TC112_VerifyClickonReturnsLinkRedirectingToReturnsPage" time="1.072"/>
  <testcase classname="testcases.HomePage_TestCases" name="TC052_ClickonTest16_0_lnkRedirectingtotest16Page" time="1.125"/>
  <testcase classname="testcases.HomePage_TestCases" name="TC064_ClickonTest7_0_lnkRedirectingtotest7Page" time="1.170"/>
  <testcase classname="testcases.HomePage_TestCases" name="TC114_VerifyClickonBrandLinkRedirectingToFindYourFavoriteBrandPage" time="0.995"/>
  <testcase classname="testcases.HomePage_TestCases" name="TC015_VerifyShoppingCartlnkRedirectingtoShoppingCartPageWithLogin">
    <skipped/>
  </testcase> <!-- TC015_VerifyShoppingCartlnkRedirectingtoShoppingCartPageWithLogin -->
  <testcase classname="testcases.HomePage_TestCases" name="TC017_VerifycheckoutlnkRedirectingtoShoppingCartPageWithLogin">
    <skipped/>
  </testcase> <!-- TC017_VerifycheckoutlnkRedirectingtoShoppingCartPageWithLogin -->
  <testcase classname="testcases.HomePage_TestCases" name="TC013_VerifyWishListlnkRedirectingtoMyWishListPageWithLogin">
    <skipped/>
  </testcase> <!-- TC013_VerifyWishListlnkRedirectingtoMyWishListPageWithLogin -->
  <testcase classname="testcases.HomePage_TestCases" name="TC022_VerifyaddtoCartbuttonredirecttobillingPageWithLogin">
    <skipped/>
  </testcase> <!-- TC022_VerifyaddtoCartbuttonredirecttobillingPageWithLogin -->
</testsuite> <!-- testcases.HomePage_TestCases -->
