<?xml version="1.0" encoding="UTF-8"?>
<testng-results ignored="0" total="2" passed="2" failed="0" skipped="0">
  <reporter-output>
  </reporter-output>
  <suite started-at="2024-11-28T23:19:31 IST" name="Test Suite" finished-at="2024-11-28T23:20:08 IST" duration-ms="36788">
    <groups>
      <group name="Master">
        <method signature="TC001_AccountRegistractionTest.TC001_AccountRegistrationTest()[pri:0, instance:testcases.TC001_AccountRegistractionTest@62ef27a8]" name="TC001_AccountRegistrationTest" class="testcases.TC001_AccountRegistractionTest"/>
        <method signature="TC002_LoginTest.verify_Login()[pri:0, instance:testcases.TC002_LoginTest@16fdec90]" name="verify_Login" class="testcases.TC002_LoginTest"/>
      </group> <!-- Master -->
      <group name="Sanity">
        <method signature="TC002_LoginTest.verify_Login()[pri:0, instance:testcases.TC002_LoginTest@16fdec90]" name="verify_Login" class="testcases.TC002_LoginTest"/>
      </group> <!-- Sanity -->
      <group name="Regression">
        <method signature="TC001_AccountRegistractionTest.TC001_AccountRegistrationTest()[pri:0, instance:testcases.TC001_AccountRegistractionTest@62ef27a8]" name="TC001_AccountRegistrationTest" class="testcases.TC001_AccountRegistractionTest"/>
      </group> <!-- Regression -->
    </groups>
    <test started-at="2024-11-28T23:19:31 IST" name="ChromeTest" finished-at="2024-11-28T23:20:08 IST" duration-ms="36788">
      <class name="testcases.TC002_LoginTest">
        <test-method is-config="true" signature="setup(java.lang.String,java.lang.String)[pri:0, instance:testcases.TC002_LoginTest@16fdec90]" started-at="2024-11-28T23:19:54 IST" name="setup" finished-at="2024-11-28T23:20:00 IST" duration-ms="5966" status="PASS">
          <params>
            <param index="0">
              <value>
                <![CDATA[Windows]]>
              </value>
            </param>
            <param index="1">
              <value>
                <![CDATA[chrome]]>
              </value>
            </param>
          </params>
          <reporter-output>
          </reporter-output>
        </test-method> <!-- setup -->
        <test-method is-config="true" signature="launchUrl()[pri:0, instance:testcases.TC002_LoginTest@16fdec90]" started-at="2024-11-28T23:20:00 IST" name="launchUrl" finished-at="2024-11-28T23:20:04 IST" duration-ms="3963" status="PASS">
          <reporter-output>
          </reporter-output>
        </test-method> <!-- launchUrl -->
        <test-method signature="verify_Login()[pri:0, instance:testcases.TC002_LoginTest@16fdec90]" started-at="2024-11-28T23:20:04 IST" name="verify_Login" finished-at="2024-11-28T23:20:07 IST" duration-ms="2721" status="PASS">
          <reporter-output>
          </reporter-output>
        </test-method> <!-- verify_Login -->
        <test-method is-config="true" signature="tearDown()[pri:0, instance:testcases.TC002_LoginTest@16fdec90]" started-at="2024-11-28T23:20:07 IST" name="tearDown" finished-at="2024-11-28T23:20:08 IST" duration-ms="1217" status="PASS">
          <reporter-output>
          </reporter-output>
        </test-method> <!-- tearDown -->
      </class> <!-- testcases.TC002_LoginTest -->
      <class name="testcases.TC001_AccountRegistractionTest">
        <test-method is-config="true" signature="setup(java.lang.String,java.lang.String)[pri:0, instance:testcases.TC001_AccountRegistractionTest@62ef27a8]" started-at="2024-11-28T23:19:32 IST" name="setup" finished-at="2024-11-28T23:19:42 IST" duration-ms="9562" status="PASS">
          <params>
            <param index="0">
              <value>
                <![CDATA[Windows]]>
              </value>
            </param>
            <param index="1">
              <value>
                <![CDATA[chrome]]>
              </value>
            </param>
          </params>
          <reporter-output>
          </reporter-output>
        </test-method> <!-- setup -->
        <test-method is-config="true" signature="launchUrl()[pri:0, instance:testcases.TC001_AccountRegistractionTest@62ef27a8]" started-at="2024-11-28T23:19:42 IST" name="launchUrl" finished-at="2024-11-28T23:19:46 IST" duration-ms="4528" status="PASS">
          <reporter-output>
          </reporter-output>
        </test-method> <!-- launchUrl -->
        <test-method signature="TC001_AccountRegistrationTest()[pri:0, instance:testcases.TC001_AccountRegistractionTest@62ef27a8]" started-at="2024-11-28T23:19:46 IST" name="TC001_AccountRegistrationTest" finished-at="2024-11-28T23:19:53 IST" duration-ms="7302" status="PASS">
          <reporter-output>
          </reporter-output>
        </test-method> <!-- TC001_AccountRegistrationTest -->
        <test-method is-config="true" signature="tearDown()[pri:0, instance:testcases.TC001_AccountRegistractionTest@62ef27a8]" started-at="2024-11-28T23:19:54 IST" name="tearDown" finished-at="2024-11-28T23:19:54 IST" duration-ms="688" status="PASS">
          <reporter-output>
          </reporter-output>
        </test-method> <!-- tearDown -->
      </class> <!-- testcases.TC001_AccountRegistractionTest -->
    </test> <!-- ChromeTest -->
  </suite> <!-- Test Suite -->
</testng-results>
