<?xml version="1.0" encoding="UTF-8"?>
<testng-results ignored="0" total="116" passed="114" failed="2" skipped="0">
  <reporter-output>
  </reporter-output>
  <suite started-at="2025-04-30T22:57:17 IST" name="Test Suite" finished-at="2025-04-30T23:00:19 IST" duration-ms="181953">
    <groups>
      <group name="Master">
        <method signature="HomePage_TestCases.TC001_VerifyHomePageLoadSuccessfully()[pri:0, instance:testcases.HomePage_TestCases@6bbe2511]" name="TC001_VerifyHomePageLoadSuccessfully" class="testcases.HomePage_TestCases"/>
        <method signature="HomePage_TestCases.TC002_VerifyHomePageTitle()[pri:0, instance:testcases.HomePage_TestCases@6bbe2511]" name="TC002_VerifyHomePageTitle" class="testcases.HomePage_TestCases"/>
        <method signature="HomePage_TestCases.TC003_VerifyISLogoDisplayed()[pri:0, instance:testcases.HomePage_TestCases@6bbe2511]" name="TC003_VerifyISLogoDisplayed" class="testcases.HomePage_TestCases"/>
        <method signature="HomePage_TestCases.TC004_verifyCurencyareDisplayedinsideCurrencyLink()[pri:0, instance:testcases.HomePage_TestCases@6bbe2511]" name="TC004_verifyCurencyareDisplayedinsideCurrencyLink" class="testcases.HomePage_TestCases"/>
        <method signature="HomePage_TestCases.TC005_VerifyEuroCurrencyButtonTest()[pri:0, instance:testcases.HomePage_TestCases@6bbe2511]" name="TC005_VerifyEuroCurrencyButtonTest" class="testcases.HomePage_TestCases"/>
        <method signature="HomePage_TestCases.TC006_VerifyPoundCurrencyButtonTest()[pri:0, instance:testcases.HomePage_TestCases@6bbe2511]" name="TC006_VerifyPoundCurrencyButtonTest" class="testcases.HomePage_TestCases"/>
        <method signature="HomePage_TestCases.TC007_VerifyDollarCurrencyButtonTest()[pri:0, instance:testcases.HomePage_TestCases@6bbe2511]" name="TC007_VerifyDollarCurrencyButtonTest" class="testcases.HomePage_TestCases"/>
        <method signature="HomePage_TestCases.TC008_VerifyContactlnkRedirectingtoContactPage()[pri:0, instance:testcases.HomePage_TestCases@6bbe2511]" name="TC008_VerifyContactlnkRedirectingtoContactPage" class="testcases.HomePage_TestCases"/>
        <method signature="HomePage_TestCases.TC009_verifyLinksareDisplayedinsideMyAccountLink()[pri:0, instance:testcases.HomePage_TestCases@6bbe2511]" name="TC009_verifyLinksareDisplayedinsideMyAccountLink" class="testcases.HomePage_TestCases"/>
        <method signature="HomePage_TestCases.TC0103_VerifyAddtoCartButtonoRedirectingToCanonEOS5DProductPage()[pri:0, instance:testcases.HomePage_TestCases@6bbe2511]" name="TC0103_VerifyAddtoCartButtonoRedirectingToCanonEOS5DProductPage" class="testcases.HomePage_TestCases"/>
        <method signature="HomePage_TestCases.TC010_VerifyRegisterlnkRedirectingtoRegisterAccountPage()[pri:0, instance:testcases.HomePage_TestCases@6bbe2511]" name="TC010_VerifyRegisterlnkRedirectingtoRegisterAccountPage" class="testcases.HomePage_TestCases"/>
        <method signature="HomePage_TestCases.TC011_VerifyLoginlnkRedirectingtoReturingCustomerPage()[pri:0, instance:testcases.HomePage_TestCases@6bbe2511]" name="TC011_VerifyLoginlnkRedirectingtoReturingCustomerPage" class="testcases.HomePage_TestCases"/>
        <method signature="HomePage_TestCases.TC012_VerifyWishListlnkRedirectingtoReturingCustomerPageWithoutLogin()[pri:0, instance:testcases.HomePage_TestCases@6bbe2511]" name="TC012_VerifyWishListlnkRedirectingtoReturingCustomerPageWithoutLogin" class="testcases.HomePage_TestCases"/>
        <method signature="HomePage_TestCases.TC014_VerifyShoppingCartlnkRedirectingtoShoppingCartPageWithoutLogin()[pri:0, instance:testcases.HomePage_TestCases@6bbe2511]" name="TC014_VerifyShoppingCartlnkRedirectingtoShoppingCartPageWithoutLogin" class="testcases.HomePage_TestCases"/>
        <method signature="HomePage_TestCases.TC016_VerifycheckoutlnkRedirectingtoShoppingCartPageWithoutLogin()[pri:0, instance:testcases.HomePage_TestCases@6bbe2511]" name="TC016_VerifycheckoutlnkRedirectingtoShoppingCartPageWithoutLogin" class="testcases.HomePage_TestCases"/>
        <method signature="HomePage_TestCases.TC018_VerifysearchInputBoxIsEnabled()[pri:0, instance:testcases.HomePage_TestCases@6bbe2511]" name="TC018_VerifysearchInputBoxIsEnabled" class="testcases.HomePage_TestCases"/>
        <method signature="HomePage_TestCases.TC019_VerifysearchInputBoxWithRegisteredtextValue()[pri:0, instance:testcases.HomePage_TestCases@6bbe2511]" name="TC019_VerifysearchInputBoxWithRegisteredtextValue" class="testcases.HomePage_TestCases"/>
        <method signature="HomePage_TestCases.TC020_VerifysearchInputBoxWithUnRegisteredtextValue()[pri:0, instance:testcases.HomePage_TestCases@6bbe2511]" name="TC020_VerifysearchInputBoxWithUnRegisteredtextValue" class="testcases.HomePage_TestCases"/>
        <method signature="HomePage_TestCases.TC021_VerifysearchInputBoxWithNotextValue()[pri:0, instance:testcases.HomePage_TestCases@6bbe2511]" name="TC021_VerifysearchInputBoxWithNotextValue" class="testcases.HomePage_TestCases"/>
        <method signature="HomePage_TestCases.TC023_VerifyaddtocartbuttonRedirectingtoPageWithMsgWithoutLogin()[pri:0, instance:testcases.HomePage_TestCases@6bbe2511]" name="TC023_VerifyaddtocartbuttonRedirectingtoPageWithMsgWithoutLogin" class="testcases.HomePage_TestCases"/>
        <method signature="HomePage_TestCases.TC024_VerifyMyAccountLinkRedirectingtoMyAccountPage()[pri:0, instance:testcases.HomePage_TestCases@6bbe2511]" name="TC024_VerifyMyAccountLinkRedirectingtoMyAccountPage" class="testcases.HomePage_TestCases"/>
        <method signature="HomePage_TestCases.TC025_VerifyOrderHistoryLinkRedirectingtoOrderHistoryPage()[pri:0, instance:testcases.HomePage_TestCases@6bbe2511]" name="TC025_VerifyOrderHistoryLinkRedirectingtoOrderHistoryPage" class="testcases.HomePage_TestCases"/>
        <method signature="HomePage_TestCases.TC026_VerifyTransactionsLinkRedirectingtoYourTransactionsPage()[pri:0, instance:testcases.HomePage_TestCases@6bbe2511]" name="TC026_VerifyTransactionsLinkRedirectingtoYourTransactionsPage" class="testcases.HomePage_TestCases"/>
        <method signature="HomePage_TestCases.TC027_VerifyDownloadsLinkRedirectingtoAccountDownloadsPage()[pri:0, instance:testcases.HomePage_TestCases@6bbe2511]" name="TC027_VerifyDownloadsLinkRedirectingtoAccountDownloadsPage" class="testcases.HomePage_TestCases"/>
        <method signature="HomePage_TestCases.TC028_VerifyLogoutLinkRedirectingtoLogoutPage()[pri:0, instance:testcases.HomePage_TestCases@6bbe2511]" name="TC028_VerifyLogoutLinkRedirectingtoLogoutPage" class="testcases.HomePage_TestCases"/>
        <method signature="HomePage_TestCases.TC029_hoveringMouseOnDesktopsLink()[pri:0, instance:testcases.HomePage_TestCases@6bbe2511]" name="TC029_hoveringMouseOnDesktopsLink" class="testcases.HomePage_TestCases"/>
        <method signature="HomePage_TestCases.TC030_PC0LinkisredirectingtoPCPage()[pri:0, instance:testcases.HomePage_TestCases@6bbe2511]" name="TC030_PC0LinkisredirectingtoPCPage" class="testcases.HomePage_TestCases"/>
        <method signature="HomePage_TestCases.TC031_Mac1LinkisredirectingtoMacPage()[pri:0, instance:testcases.HomePage_TestCases@6bbe2511]" name="TC031_Mac1LinkisredirectingtoMacPage" class="testcases.HomePage_TestCases"/>
        <method signature="HomePage_TestCases.TC032_ShowAllDesktopsLinkisredirectingtoDesktopsPage()[pri:0, instance:testcases.HomePage_TestCases@6bbe2511]" name="TC032_ShowAllDesktopsLinkisredirectingtoDesktopsPage" class="testcases.HomePage_TestCases"/>
        <method signature="HomePage_TestCases.TC033_hoveringMouseOnLaptopsandNotebooksLink()[pri:0, instance:testcases.HomePage_TestCases@6bbe2511]" name="TC033_hoveringMouseOnLaptopsandNotebooksLink" class="testcases.HomePage_TestCases"/>
        <method signature="HomePage_TestCases.TC034_Macs0LinkisredirectingtoMacsPage()[pri:0, instance:testcases.HomePage_TestCases@6bbe2511]" name="TC034_Macs0LinkisredirectingtoMacsPage" class="testcases.HomePage_TestCases"/>
        <method signature="HomePage_TestCases.TC035_windows0LinkisredirectingtoWindowsPage()[pri:0, instance:testcases.HomePage_TestCases@6bbe2511]" name="TC035_windows0LinkisredirectingtoWindowsPage" class="testcases.HomePage_TestCases"/>
        <method signature="HomePage_TestCases.TC036_ShowAllLaptopsandNotebooksLinkisredirectingtoLaptopsandNotebooksPage()[pri:0, instance:testcases.HomePage_TestCases@6bbe2511]" name="TC036_ShowAllLaptopsandNotebooksLinkisredirectingtoLaptopsandNotebooksPage" class="testcases.HomePage_TestCases"/>
        <method signature="HomePage_TestCases.TC037_hoveringMouseOncomponentsLink()[pri:0, instance:testcases.HomePage_TestCases@6bbe2511]" name="TC037_hoveringMouseOncomponentsLink" class="testcases.HomePage_TestCases"/>
        <method signature="HomePage_TestCases.TC038_miceandtrackballs0lnkisredirectingtomiceandtrackballsPage()[pri:0, instance:testcases.HomePage_TestCases@6bbe2511]" name="TC038_miceandtrackballs0lnkisredirectingtomiceandtrackballsPage" class="testcases.HomePage_TestCases"/>
        <method signature="HomePage_TestCases.TC039_monitors2lnkkisredirectingtomonitorsPage()[pri:0, instance:testcases.HomePage_TestCases@6bbe2511]" name="TC039_monitors2lnkkisredirectingtomonitorsPage" class="testcases.HomePage_TestCases"/>
        <method signature="HomePage_TestCases.TC040_printers0lnkisredirectingtoPrinterskPage()[pri:0, instance:testcases.HomePage_TestCases@6bbe2511]" name="TC040_printers0lnkisredirectingtoPrinterskPage" class="testcases.HomePage_TestCases"/>
        <method signature="HomePage_TestCases.TC041_scanners0lnkisredirectingtoScannersPage()[pri:0, instance:testcases.HomePage_TestCases@6bbe2511]" name="TC041_scanners0lnkisredirectingtoScannersPage" class="testcases.HomePage_TestCases"/>
        <method signature="HomePage_TestCases.TC042_webcameras0lnkisredirectingtoWebCamerasPage()[pri:0, instance:testcases.HomePage_TestCases@6bbe2511]" name="TC042_webcameras0lnkisredirectingtoWebCamerasPage" class="testcases.HomePage_TestCases"/>
        <method signature="HomePage_TestCases.TC043_ClickonshowallcomponentslnisredirectingtoComponentsPage()[pri:0, instance:testcases.HomePage_TestCases@6bbe2511]" name="TC043_ClickonshowallcomponentslnisredirectingtoComponentsPage" class="testcases.HomePage_TestCases"/>
        <method signature="HomePage_TestCases.TC044_ClickontabletslnkRedirectingtoTabletsPage()[pri:0, instance:testcases.HomePage_TestCases@6bbe2511]" name="TC044_ClickontabletslnkRedirectingtoTabletsPage" class="testcases.HomePage_TestCases"/>
        <method signature="HomePage_TestCases.TC045_ClickonsofwarelnkRedirectingtoSoftwarePage()[pri:0, instance:testcases.HomePage_TestCases@6bbe2511]" name="TC045_ClickonsofwarelnkRedirectingtoSoftwarePage" class="testcases.HomePage_TestCases"/>
        <method signature="HomePage_TestCases.TC046_ClickonphonesandpdaslnkRedirectingtoPhonesAndPDASPage()[pri:0, instance:testcases.HomePage_TestCases@6bbe2511]" name="TC046_ClickonphonesandpdaslnkRedirectingtoPhonesAndPDASPage" class="testcases.HomePage_TestCases"/>
        <method signature="HomePage_TestCases.TC047_ClickoncameraslnkRedirectingtoCamerasPage()[pri:0, instance:testcases.HomePage_TestCases@6bbe2511]" name="TC047_ClickoncameraslnkRedirectingtoCamerasPage" class="testcases.HomePage_TestCases"/>
        <method signature="HomePage_TestCases.TC048_hoveringMouseOnMp3PlayersLink()[pri:0, instance:testcases.HomePage_TestCases@6bbe2511]" name="TC048_hoveringMouseOnMp3PlayersLink" class="testcases.HomePage_TestCases"/>
        <method signature="HomePage_TestCases.TC049_ClickonTest11_0_lnkRedirectingtotest11Page()[pri:0, instance:testcases.HomePage_TestCases@6bbe2511]" name="TC049_ClickonTest11_0_lnkRedirectingtotest11Page" class="testcases.HomePage_TestCases"/>
        <method signature="HomePage_TestCases.TC050_ClickonTest12_0_lnkRedirectingtotest12Page()[pri:0, instance:testcases.HomePage_TestCases@6bbe2511]" name="TC050_ClickonTest12_0_lnkRedirectingtotest12Page" class="testcases.HomePage_TestCases"/>
        <method signature="HomePage_TestCases.TC051_ClickonTest15_0_lnkRedirectingtotest15Page()[pri:0, instance:testcases.HomePage_TestCases@6bbe2511]" name="TC051_ClickonTest15_0_lnkRedirectingtotest15Page" class="testcases.HomePage_TestCases"/>
        <method signature="HomePage_TestCases.TC052_ClickonTest16_0_lnkRedirectingtotest16Page()[pri:0, instance:testcases.HomePage_TestCases@6bbe2511]" name="TC052_ClickonTest16_0_lnkRedirectingtotest16Page" class="testcases.HomePage_TestCases"/>
        <method signature="HomePage_TestCases.TC053_ClickonTest17_0_lnkRedirectingtotest17Page()[pri:0, instance:testcases.HomePage_TestCases@6bbe2511]" name="TC053_ClickonTest17_0_lnkRedirectingtotest17Page" class="testcases.HomePage_TestCases"/>
        <method signature="HomePage_TestCases.TC054_ClickonTest18_0_lnkRedirectingtotest18Page()[pri:0, instance:testcases.HomePage_TestCases@6bbe2511]" name="TC054_ClickonTest18_0_lnkRedirectingtotest18Page" class="testcases.HomePage_TestCases"/>
        <method signature="HomePage_TestCases.TC055_ClickonTest19_0_lnkRedirectingtotest19Page()[pri:0, instance:testcases.HomePage_TestCases@6bbe2511]" name="TC055_ClickonTest19_0_lnkRedirectingtotest19Page" class="testcases.HomePage_TestCases"/>
        <method signature="HomePage_TestCases.TC056_ClickonTest20_0_lnkRedirectingtotest20Page()[pri:0, instance:testcases.HomePage_TestCases@6bbe2511]" name="TC056_ClickonTest20_0_lnkRedirectingtotest20Page" class="testcases.HomePage_TestCases"/>
        <method signature="HomePage_TestCases.TC057_ClickonTest21_0_lnkRedirectingtotest21Page()[pri:0, instance:testcases.HomePage_TestCases@6bbe2511]" name="TC057_ClickonTest21_0_lnkRedirectingtotest21Page" class="testcases.HomePage_TestCases"/>
        <method signature="HomePage_TestCases.TC058_ClickonTest22_0_lnkRedirectingtotest22Page()[pri:0, instance:testcases.HomePage_TestCases@6bbe2511]" name="TC058_ClickonTest22_0_lnkRedirectingtotest22Page" class="testcases.HomePage_TestCases"/>
        <method signature="HomePage_TestCases.TC059_ClickonTest23_0_lnkRedirectingtotest23Page()[pri:0, instance:testcases.HomePage_TestCases@6bbe2511]" name="TC059_ClickonTest23_0_lnkRedirectingtotest23Page" class="testcases.HomePage_TestCases"/>
        <method signature="HomePage_TestCases.TC060_ClickonTest24_0_lnkRedirectingtotest24Page()[pri:0, instance:testcases.HomePage_TestCases@6bbe2511]" name="TC060_ClickonTest24_0_lnkRedirectingtotest24Page" class="testcases.HomePage_TestCases"/>
        <method signature="HomePage_TestCases.TC061_ClickonTest4_0_lnkRedirectingtotest4Page()[pri:0, instance:testcases.HomePage_TestCases@6bbe2511]" name="TC061_ClickonTest4_0_lnkRedirectingtotest4Page" class="testcases.HomePage_TestCases"/>
        <method signature="HomePage_TestCases.TC062_ClickonTest5_0_lnkRedirectingtotest5Page()[pri:0, instance:testcases.HomePage_TestCases@6bbe2511]" name="TC062_ClickonTest5_0_lnkRedirectingtotest5Page" class="testcases.HomePage_TestCases"/>
        <method signature="HomePage_TestCases.TC063_ClickonTest6_0_lnkRedirectingtotest6Page()[pri:0, instance:testcases.HomePage_TestCases@6bbe2511]" name="TC063_ClickonTest6_0_lnkRedirectingtotest6Page" class="testcases.HomePage_TestCases"/>
        <method signature="HomePage_TestCases.TC064_ClickonTest7_0_lnkRedirectingtotest7Page()[pri:0, instance:testcases.HomePage_TestCases@6bbe2511]" name="TC064_ClickonTest7_0_lnkRedirectingtotest7Page" class="testcases.HomePage_TestCases"/>
        <method signature="HomePage_TestCases.TC065_ClickonTest8_0_lnkRedirectingtotest8Page()[pri:0, instance:testcases.HomePage_TestCases@6bbe2511]" name="TC065_ClickonTest8_0_lnkRedirectingtotest8Page" class="testcases.HomePage_TestCases"/>
        <method signature="HomePage_TestCases.TC066_ClickonTest9_0_lnkRedirectingtotest9Page()[pri:0, instance:testcases.HomePage_TestCases@6bbe2511]" name="TC066_ClickonTest9_0_lnkRedirectingtotest9Page" class="testcases.HomePage_TestCases"/>
        <method signature="HomePage_TestCases.TC067_ClickonShowAllMP3PlayerslnkRedirectingtoMP3PlayersPage()[pri:0, instance:testcases.HomePage_TestCases@6bbe2511]" name="TC067_ClickonShowAllMP3PlayerslnkRedirectingtoMP3PlayersPage" class="testcases.HomePage_TestCases"/>
        <method signature="HomePage_TestCases.TC068_verifyFourProductsInFeaturedHeadline()[pri:0, instance:testcases.HomePage_TestCases@6bbe2511]" name="TC068_verifyFourProductsInFeaturedHeadline" class="testcases.HomePage_TestCases"/>
        <method signature="HomePage_TestCases.TC069_VerifyMacBooklinkisredirectingtoMacBookpage()[pri:0, instance:testcases.HomePage_TestCases@6bbe2511]" name="TC069_VerifyMacBooklinkisredirectingtoMacBookpage" class="testcases.HomePage_TestCases"/>
        <method signature="HomePage_TestCases.TC070_VerifyMacBookDescription()[pri:0, instance:testcases.HomePage_TestCases@6bbe2511]" name="TC070_VerifyMacBookDescription" class="testcases.HomePage_TestCases"/>
        <method signature="HomePage_TestCases.TC071_VerifyMacBookTax()[pri:0, instance:testcases.HomePage_TestCases@6bbe2511]" name="TC071_VerifyMacBookTax" class="testcases.HomePage_TestCases"/>
        <method signature="HomePage_TestCases.TC072_VerifyMacBookExTax()[pri:0, instance:testcases.HomePage_TestCases@6bbe2511]" name="TC072_VerifyMacBookExTax" class="testcases.HomePage_TestCases"/>
        <method signature="HomePage_TestCases.TC073_verifyAgroupof3ButtonsaredisplayedinMacbookProduct()[pri:0, instance:testcases.HomePage_TestCases@6bbe2511]" name="TC073_verifyAgroupof3ButtonsaredisplayedinMacbookProduct" class="testcases.HomePage_TestCases"/>
        <method signature="HomePage_TestCases.TC074_VerifyAddtoCartButtonofMacBookProduct()[pri:0, instance:testcases.HomePage_TestCases@6bbe2511]" name="TC074_VerifyAddtoCartButtonofMacBookProduct" class="testcases.HomePage_TestCases"/>
        <method signature="HomePage_TestCases.TC075_VerifyAddtoWishListButtonofMacBookProductWithoutLogin()[pri:0, instance:testcases.HomePage_TestCases@6bbe2511]" name="TC075_VerifyAddtoWishListButtonofMacBookProductWithoutLogin" class="testcases.HomePage_TestCases"/>
        <method signature="HomePage_TestCases.TC076_VerifyAddtoWishListButtonofMacBookProductWithLogin()[pri:0, instance:testcases.HomePage_TestCases@6bbe2511]" name="TC076_VerifyAddtoWishListButtonofMacBookProductWithLogin" class="testcases.HomePage_TestCases"/>
        <method signature="HomePage_TestCases.TC077_VerifyCompareThisProductsButtonofMacBookProduct()[pri:0, instance:testcases.HomePage_TestCases@6bbe2511]" name="TC077_VerifyCompareThisProductsButtonofMacBookProduct" class="testcases.HomePage_TestCases"/>
        <method signature="HomePage_TestCases.TC078_VerifyiphoneLnkisRedirectToiphonePage()[pri:0, instance:testcases.HomePage_TestCases@6bbe2511]" name="TC078_VerifyiphoneLnkisRedirectToiphonePage" class="testcases.HomePage_TestCases"/>
        <method signature="HomePage_TestCases.TC079_VerifyiPhoneDescription()[pri:0, instance:testcases.HomePage_TestCases@6bbe2511]" name="TC079_VerifyiPhoneDescription" class="testcases.HomePage_TestCases"/>
        <method signature="HomePage_TestCases.TC080_VerifyiPhoneExTax()[pri:0, instance:testcases.HomePage_TestCases@6bbe2511]" name="TC080_VerifyiPhoneExTax" class="testcases.HomePage_TestCases"/>
        <method signature="HomePage_TestCases.TC081_VerifyiPhoneTax()[pri:0, instance:testcases.HomePage_TestCases@6bbe2511]" name="TC081_VerifyiPhoneTax" class="testcases.HomePage_TestCases"/>
        <method signature="HomePage_TestCases.TC082_verifyAgroupof3ButtonsaredisplayediniPhoneProduct()[pri:0, instance:testcases.HomePage_TestCases@6bbe2511]" name="TC082_verifyAgroupof3ButtonsaredisplayediniPhoneProduct" class="testcases.HomePage_TestCases"/>
        <method signature="HomePage_TestCases.TC083_VerifyAddtoCartButtonofiPhoneProduct()[pri:0, instance:testcases.HomePage_TestCases@6bbe2511]" name="TC083_VerifyAddtoCartButtonofiPhoneProduct" class="testcases.HomePage_TestCases"/>
        <method signature="HomePage_TestCases.TC084_VerifyAddtoWishListButtonofiPhoneProductWithoutLogin()[pri:0, instance:testcases.HomePage_TestCases@6bbe2511]" name="TC084_VerifyAddtoWishListButtonofiPhoneProductWithoutLogin" class="testcases.HomePage_TestCases"/>
        <method signature="HomePage_TestCases.TC085_VerifyAddtoWishListButtonofiPhoneProductWithLogin()[pri:0, instance:testcases.HomePage_TestCases@6bbe2511]" name="TC085_VerifyAddtoWishListButtonofiPhoneProductWithLogin" class="testcases.HomePage_TestCases"/>
        <method signature="HomePage_TestCases.TC086_VerifyCompareThisProductsButtonofiPhoneProduct()[pri:0, instance:testcases.HomePage_TestCases@6bbe2511]" name="TC086_VerifyCompareThisProductsButtonofiPhoneProduct" class="testcases.HomePage_TestCases"/>
        <method signature="HomePage_TestCases.TC087_VerifyAppleCinema30LnkisRedirectToAppleCinema30Page()[pri:0, instance:testcases.HomePage_TestCases@6bbe2511]" name="TC087_VerifyAppleCinema30LnkisRedirectToAppleCinema30Page" class="testcases.HomePage_TestCases"/>
        <method signature="HomePage_TestCases.TC088_VerifyAppleCinema30Description()[pri:0, instance:testcases.HomePage_TestCases@6bbe2511]" name="TC088_VerifyAppleCinema30Description" class="testcases.HomePage_TestCases"/>
        <method signature="HomePage_TestCases.TC089_VerifyAppleCinema30ExTax()[pri:0, instance:testcases.HomePage_TestCases@6bbe2511]" name="TC089_VerifyAppleCinema30ExTax" class="testcases.HomePage_TestCases"/>
        <method signature="HomePage_TestCases.TC090_VerifyAppleCinema30NewTax()[pri:0, instance:testcases.HomePage_TestCases@6bbe2511]" name="TC090_VerifyAppleCinema30NewTax" class="testcases.HomePage_TestCases"/>
        <method signature="HomePage_TestCases.TC091_VerifyAppleCinema30OldTax()[pri:0, instance:testcases.HomePage_TestCases@6bbe2511]" name="TC091_VerifyAppleCinema30OldTax" class="testcases.HomePage_TestCases"/>
        <method signature="HomePage_TestCases.TC092_verifyAgroupof3ButtonsaredisplayedinAppleCinema30Product()[pri:0, instance:testcases.HomePage_TestCases@6bbe2511]" name="TC092_verifyAgroupof3ButtonsaredisplayedinAppleCinema30Product" class="testcases.HomePage_TestCases"/>
        <method signature="HomePage_TestCases.TC093_VerifyAddtoCartButtonoRedirectingToAppleCinema30ProductPage()[pri:0, instance:testcases.HomePage_TestCases@6bbe2511]" name="TC093_VerifyAddtoCartButtonoRedirectingToAppleCinema30ProductPage" class="testcases.HomePage_TestCases"/>
        <method signature="HomePage_TestCases.TC094_VerifyAddtoWishListButtonofAppleCinema30ProductWithoutLogin()[pri:0, instance:testcases.HomePage_TestCases@6bbe2511]" name="TC094_VerifyAddtoWishListButtonofAppleCinema30ProductWithoutLogin" class="testcases.HomePage_TestCases"/>
        <method signature="HomePage_TestCases.TC095_VerifyAddtoAppleCinema30ButtonofAppleCinema30ProductWithLogin()[pri:0, instance:testcases.HomePage_TestCases@6bbe2511]" name="TC095_VerifyAddtoAppleCinema30ButtonofAppleCinema30ProductWithLogin" class="testcases.HomePage_TestCases"/>
        <method signature="HomePage_TestCases.TC096_VerifyCompareThisProductsButtonofAppleCinema30Product()[pri:0, instance:testcases.HomePage_TestCases@6bbe2511]" name="TC096_VerifyCompareThisProductsButtonofAppleCinema30Product" class="testcases.HomePage_TestCases"/>
        <method signature="HomePage_TestCases.TC097_VerifyCanonEOS5DLnkisRedirectToCanonEOS5DPage()[pri:0, instance:testcases.HomePage_TestCases@6bbe2511]" name="TC097_VerifyCanonEOS5DLnkisRedirectToCanonEOS5DPage" class="testcases.HomePage_TestCases"/>
        <method signature="HomePage_TestCases.TC098_VerifyCanonEOS5DDescription()[pri:0, instance:testcases.HomePage_TestCases@6bbe2511]" name="TC098_VerifyCanonEOS5DDescription" class="testcases.HomePage_TestCases"/>
        <method signature="HomePage_TestCases.TC099_VerifyCanonEOS5DExTax()[pri:0, instance:testcases.HomePage_TestCases@6bbe2511]" name="TC099_VerifyCanonEOS5DExTax" class="testcases.HomePage_TestCases"/>
        <method signature="HomePage_TestCases.TC100_VerifyCanonEOS5DNewTax()[pri:0, instance:testcases.HomePage_TestCases@6bbe2511]" name="TC100_VerifyCanonEOS5DNewTax" class="testcases.HomePage_TestCases"/>
        <method signature="HomePage_TestCases.TC101_VerifyCanonEOS5DOldTax()[pri:0, instance:testcases.HomePage_TestCases@6bbe2511]" name="TC101_VerifyCanonEOS5DOldTax" class="testcases.HomePage_TestCases"/>
        <method signature="HomePage_TestCases.TC102_verifyAgroupof3ButtonsaredisplayedinCanonEOS5DProduct()[pri:0, instance:testcases.HomePage_TestCases@6bbe2511]" name="TC102_verifyAgroupof3ButtonsaredisplayedinCanonEOS5DProduct" class="testcases.HomePage_TestCases"/>
        <method signature="HomePage_TestCases.TC104_VerifyAddtoWishListButtonofCanonEOS5DProductWithoutLogin()[pri:0, instance:testcases.HomePage_TestCases@6bbe2511]" name="TC104_VerifyAddtoWishListButtonofCanonEOS5DProductWithoutLogin" class="testcases.HomePage_TestCases"/>
        <method signature="HomePage_TestCases.TC105_VerifyAddtoCanonEOS5DButtonofCanonEOS5DProductWithLogin()[pri:0, instance:testcases.HomePage_TestCases@6bbe2511]" name="TC105_VerifyAddtoCanonEOS5DButtonofCanonEOS5DProductWithLogin" class="testcases.HomePage_TestCases"/>
        <method signature="HomePage_TestCases.TC106_VerifyCompareThisProductsButtonofCanonEOS5DProduct()[pri:0, instance:testcases.HomePage_TestCases@6bbe2511]" name="TC106_VerifyCompareThisProductsButtonofCanonEOS5DProduct" class="testcases.HomePage_TestCases"/>
        <method signature="HomePage_TestCases.TC107_VerifyClickonAboutUsLinkRedirectingToAboutUsPage()[pri:0, instance:testcases.HomePage_TestCases@6bbe2511]" name="TC107_VerifyClickonAboutUsLinkRedirectingToAboutUsPage" class="testcases.HomePage_TestCases"/>
        <method signature="HomePage_TestCases.TC108_VerifyClickonDeliveryInformationLinkRedirectingToDeliveryInformationPage()[pri:0, instance:testcases.HomePage_TestCases@6bbe2511]" name="TC108_VerifyClickonDeliveryInformationLinkRedirectingToDeliveryInformationPage" class="testcases.HomePage_TestCases"/>
        <method signature="HomePage_TestCases.TC109_VerifyClickonPrivacypolicyLinkRedirectingToPrivacypolicyPage()[pri:0, instance:testcases.HomePage_TestCases@6bbe2511]" name="TC109_VerifyClickonPrivacypolicyLinkRedirectingToPrivacypolicyPage" class="testcases.HomePage_TestCases"/>
        <method signature="HomePage_TestCases.TC110_VerifyClickonTermsAndConditionsLinkRedirectingToTermsAndConditionsPage()[pri:0, instance:testcases.HomePage_TestCases@6bbe2511]" name="TC110_VerifyClickonTermsAndConditionsLinkRedirectingToTermsAndConditionsPage" class="testcases.HomePage_TestCases"/>
        <method signature="HomePage_TestCases.TC111_VerifyClickonContactUsLinkRedirectingToContactUsPage()[pri:0, instance:testcases.HomePage_TestCases@6bbe2511]" name="TC111_VerifyClickonContactUsLinkRedirectingToContactUsPage" class="testcases.HomePage_TestCases"/>
        <method signature="HomePage_TestCases.TC112_VerifyClickonReturnsLinkRedirectingToReturnsPage()[pri:0, instance:testcases.HomePage_TestCases@6bbe2511]" name="TC112_VerifyClickonReturnsLinkRedirectingToReturnsPage" class="testcases.HomePage_TestCases"/>
        <method signature="HomePage_TestCases.TC113_VerifyClickonSiteMapLinkRedirectingToSiteMapPage()[pri:0, instance:testcases.HomePage_TestCases@6bbe2511]" name="TC113_VerifyClickonSiteMapLinkRedirectingToSiteMapPage" class="testcases.HomePage_TestCases"/>
        <method signature="HomePage_TestCases.TC114_VerifyClickonBrandLinkRedirectingToFindYourFavoriteBrandPage()[pri:0, instance:testcases.HomePage_TestCases@6bbe2511]" name="TC114_VerifyClickonBrandLinkRedirectingToFindYourFavoriteBrandPage" class="testcases.HomePage_TestCases"/>
        <method signature="HomePage_TestCases.TC115_VerifyClickonGiftCertificatesLinkRedirectingToPurchaseAGiftCertificatePage()[pri:0, instance:testcases.HomePage_TestCases@6bbe2511]" name="TC115_VerifyClickonGiftCertificatesLinkRedirectingToPurchaseAGiftCertificatePage" class="testcases.HomePage_TestCases"/>
        <method signature="HomePage_TestCases.TC116_VerifyClickonAffiliateLinkRedirectingToAffiliateProgramPageWithoutLogin()[pri:0, instance:testcases.HomePage_TestCases@6bbe2511]" name="TC116_VerifyClickonAffiliateLinkRedirectingToAffiliateProgramPageWithoutLogin" class="testcases.HomePage_TestCases"/>
        <method signature="HomePage_TestCases.TC117_VerifyClickonAffiliateLinkRedirectingToMyAffiliateAccountPageWithLogin()[pri:0, instance:testcases.HomePage_TestCases@6bbe2511]" name="TC117_VerifyClickonAffiliateLinkRedirectingToMyAffiliateAccountPageWithLogin" class="testcases.HomePage_TestCases"/>
        <method signature="HomePage_TestCases.TC118_VerifyClickonSpecialLinkRedirectingToSpecialOffersPage()[pri:0, instance:testcases.HomePage_TestCases@6bbe2511]" name="TC118_VerifyClickonSpecialLinkRedirectingToSpecialOffersPage" class="testcases.HomePage_TestCases"/>
        <method signature="TC001_AccountRegistractionTest.TC001_AccountRegistrationTest()[pri:0, instance:testcases.TC001_AccountRegistractionTest@3212a8d7]" name="TC001_AccountRegistrationTest" class="testcases.TC001_AccountRegistractionTest"/>
        <method signature="TC002_LoginTest.verify_Login()[pri:0, instance:testcases.TC002_LoginTest@7a1a3478]" name="verify_Login" class="testcases.TC002_LoginTest"/>
      </group> <!-- Master -->
      <group name="Sanity">
        <method signature="HomePage_TestCases.TC001_VerifyHomePageLoadSuccessfully()[pri:0, instance:testcases.HomePage_TestCases@6bbe2511]" name="TC001_VerifyHomePageLoadSuccessfully" class="testcases.HomePage_TestCases"/>
        <method signature="HomePage_TestCases.TC002_VerifyHomePageTitle()[pri:0, instance:testcases.HomePage_TestCases@6bbe2511]" name="TC002_VerifyHomePageTitle" class="testcases.HomePage_TestCases"/>
        <method signature="HomePage_TestCases.TC003_VerifyISLogoDisplayed()[pri:0, instance:testcases.HomePage_TestCases@6bbe2511]" name="TC003_VerifyISLogoDisplayed" class="testcases.HomePage_TestCases"/>
        <method signature="HomePage_TestCases.TC004_verifyCurencyareDisplayedinsideCurrencyLink()[pri:0, instance:testcases.HomePage_TestCases@6bbe2511]" name="TC004_verifyCurencyareDisplayedinsideCurrencyLink" class="testcases.HomePage_TestCases"/>
        <method signature="HomePage_TestCases.TC005_VerifyEuroCurrencyButtonTest()[pri:0, instance:testcases.HomePage_TestCases@6bbe2511]" name="TC005_VerifyEuroCurrencyButtonTest" class="testcases.HomePage_TestCases"/>
        <method signature="HomePage_TestCases.TC006_VerifyPoundCurrencyButtonTest()[pri:0, instance:testcases.HomePage_TestCases@6bbe2511]" name="TC006_VerifyPoundCurrencyButtonTest" class="testcases.HomePage_TestCases"/>
        <method signature="HomePage_TestCases.TC007_VerifyDollarCurrencyButtonTest()[pri:0, instance:testcases.HomePage_TestCases@6bbe2511]" name="TC007_VerifyDollarCurrencyButtonTest" class="testcases.HomePage_TestCases"/>
        <method signature="HomePage_TestCases.TC008_VerifyContactlnkRedirectingtoContactPage()[pri:0, instance:testcases.HomePage_TestCases@6bbe2511]" name="TC008_VerifyContactlnkRedirectingtoContactPage" class="testcases.HomePage_TestCases"/>
        <method signature="HomePage_TestCases.TC009_verifyLinksareDisplayedinsideMyAccountLink()[pri:0, instance:testcases.HomePage_TestCases@6bbe2511]" name="TC009_verifyLinksareDisplayedinsideMyAccountLink" class="testcases.HomePage_TestCases"/>
        <method signature="HomePage_TestCases.TC0103_VerifyAddtoCartButtonoRedirectingToCanonEOS5DProductPage()[pri:0, instance:testcases.HomePage_TestCases@6bbe2511]" name="TC0103_VerifyAddtoCartButtonoRedirectingToCanonEOS5DProductPage" class="testcases.HomePage_TestCases"/>
        <method signature="HomePage_TestCases.TC010_VerifyRegisterlnkRedirectingtoRegisterAccountPage()[pri:0, instance:testcases.HomePage_TestCases@6bbe2511]" name="TC010_VerifyRegisterlnkRedirectingtoRegisterAccountPage" class="testcases.HomePage_TestCases"/>
        <method signature="HomePage_TestCases.TC011_VerifyLoginlnkRedirectingtoReturingCustomerPage()[pri:0, instance:testcases.HomePage_TestCases@6bbe2511]" name="TC011_VerifyLoginlnkRedirectingtoReturingCustomerPage" class="testcases.HomePage_TestCases"/>
        <method signature="HomePage_TestCases.TC012_VerifyWishListlnkRedirectingtoReturingCustomerPageWithoutLogin()[pri:0, instance:testcases.HomePage_TestCases@6bbe2511]" name="TC012_VerifyWishListlnkRedirectingtoReturingCustomerPageWithoutLogin" class="testcases.HomePage_TestCases"/>
        <method signature="HomePage_TestCases.TC014_VerifyShoppingCartlnkRedirectingtoShoppingCartPageWithoutLogin()[pri:0, instance:testcases.HomePage_TestCases@6bbe2511]" name="TC014_VerifyShoppingCartlnkRedirectingtoShoppingCartPageWithoutLogin" class="testcases.HomePage_TestCases"/>
        <method signature="HomePage_TestCases.TC016_VerifycheckoutlnkRedirectingtoShoppingCartPageWithoutLogin()[pri:0, instance:testcases.HomePage_TestCases@6bbe2511]" name="TC016_VerifycheckoutlnkRedirectingtoShoppingCartPageWithoutLogin" class="testcases.HomePage_TestCases"/>
        <method signature="HomePage_TestCases.TC018_VerifysearchInputBoxIsEnabled()[pri:0, instance:testcases.HomePage_TestCases@6bbe2511]" name="TC018_VerifysearchInputBoxIsEnabled" class="testcases.HomePage_TestCases"/>
        <method signature="HomePage_TestCases.TC019_VerifysearchInputBoxWithRegisteredtextValue()[pri:0, instance:testcases.HomePage_TestCases@6bbe2511]" name="TC019_VerifysearchInputBoxWithRegisteredtextValue" class="testcases.HomePage_TestCases"/>
        <method signature="HomePage_TestCases.TC020_VerifysearchInputBoxWithUnRegisteredtextValue()[pri:0, instance:testcases.HomePage_TestCases@6bbe2511]" name="TC020_VerifysearchInputBoxWithUnRegisteredtextValue" class="testcases.HomePage_TestCases"/>
        <method signature="HomePage_TestCases.TC021_VerifysearchInputBoxWithNotextValue()[pri:0, instance:testcases.HomePage_TestCases@6bbe2511]" name="TC021_VerifysearchInputBoxWithNotextValue" class="testcases.HomePage_TestCases"/>
        <method signature="HomePage_TestCases.TC023_VerifyaddtocartbuttonRedirectingtoPageWithMsgWithoutLogin()[pri:0, instance:testcases.HomePage_TestCases@6bbe2511]" name="TC023_VerifyaddtocartbuttonRedirectingtoPageWithMsgWithoutLogin" class="testcases.HomePage_TestCases"/>
        <method signature="HomePage_TestCases.TC029_hoveringMouseOnDesktopsLink()[pri:0, instance:testcases.HomePage_TestCases@6bbe2511]" name="TC029_hoveringMouseOnDesktopsLink" class="testcases.HomePage_TestCases"/>
        <method signature="HomePage_TestCases.TC030_PC0LinkisredirectingtoPCPage()[pri:0, instance:testcases.HomePage_TestCases@6bbe2511]" name="TC030_PC0LinkisredirectingtoPCPage" class="testcases.HomePage_TestCases"/>
        <method signature="HomePage_TestCases.TC031_Mac1LinkisredirectingtoMacPage()[pri:0, instance:testcases.HomePage_TestCases@6bbe2511]" name="TC031_Mac1LinkisredirectingtoMacPage" class="testcases.HomePage_TestCases"/>
        <method signature="HomePage_TestCases.TC032_ShowAllDesktopsLinkisredirectingtoDesktopsPage()[pri:0, instance:testcases.HomePage_TestCases@6bbe2511]" name="TC032_ShowAllDesktopsLinkisredirectingtoDesktopsPage" class="testcases.HomePage_TestCases"/>
        <method signature="HomePage_TestCases.TC033_hoveringMouseOnLaptopsandNotebooksLink()[pri:0, instance:testcases.HomePage_TestCases@6bbe2511]" name="TC033_hoveringMouseOnLaptopsandNotebooksLink" class="testcases.HomePage_TestCases"/>
        <method signature="HomePage_TestCases.TC034_Macs0LinkisredirectingtoMacsPage()[pri:0, instance:testcases.HomePage_TestCases@6bbe2511]" name="TC034_Macs0LinkisredirectingtoMacsPage" class="testcases.HomePage_TestCases"/>
        <method signature="HomePage_TestCases.TC035_windows0LinkisredirectingtoWindowsPage()[pri:0, instance:testcases.HomePage_TestCases@6bbe2511]" name="TC035_windows0LinkisredirectingtoWindowsPage" class="testcases.HomePage_TestCases"/>
        <method signature="HomePage_TestCases.TC036_ShowAllLaptopsandNotebooksLinkisredirectingtoLaptopsandNotebooksPage()[pri:0, instance:testcases.HomePage_TestCases@6bbe2511]" name="TC036_ShowAllLaptopsandNotebooksLinkisredirectingtoLaptopsandNotebooksPage" class="testcases.HomePage_TestCases"/>
        <method signature="HomePage_TestCases.TC037_hoveringMouseOncomponentsLink()[pri:0, instance:testcases.HomePage_TestCases@6bbe2511]" name="TC037_hoveringMouseOncomponentsLink" class="testcases.HomePage_TestCases"/>
        <method signature="HomePage_TestCases.TC038_miceandtrackballs0lnkisredirectingtomiceandtrackballsPage()[pri:0, instance:testcases.HomePage_TestCases@6bbe2511]" name="TC038_miceandtrackballs0lnkisredirectingtomiceandtrackballsPage" class="testcases.HomePage_TestCases"/>
        <method signature="HomePage_TestCases.TC039_monitors2lnkkisredirectingtomonitorsPage()[pri:0, instance:testcases.HomePage_TestCases@6bbe2511]" name="TC039_monitors2lnkkisredirectingtomonitorsPage" class="testcases.HomePage_TestCases"/>
        <method signature="HomePage_TestCases.TC040_printers0lnkisredirectingtoPrinterskPage()[pri:0, instance:testcases.HomePage_TestCases@6bbe2511]" name="TC040_printers0lnkisredirectingtoPrinterskPage" class="testcases.HomePage_TestCases"/>
        <method signature="HomePage_TestCases.TC041_scanners0lnkisredirectingtoScannersPage()[pri:0, instance:testcases.HomePage_TestCases@6bbe2511]" name="TC041_scanners0lnkisredirectingtoScannersPage" class="testcases.HomePage_TestCases"/>
        <method signature="HomePage_TestCases.TC042_webcameras0lnkisredirectingtoWebCamerasPage()[pri:0, instance:testcases.HomePage_TestCases@6bbe2511]" name="TC042_webcameras0lnkisredirectingtoWebCamerasPage" class="testcases.HomePage_TestCases"/>
        <method signature="HomePage_TestCases.TC043_ClickonshowallcomponentslnisredirectingtoComponentsPage()[pri:0, instance:testcases.HomePage_TestCases@6bbe2511]" name="TC043_ClickonshowallcomponentslnisredirectingtoComponentsPage" class="testcases.HomePage_TestCases"/>
        <method signature="HomePage_TestCases.TC044_ClickontabletslnkRedirectingtoTabletsPage()[pri:0, instance:testcases.HomePage_TestCases@6bbe2511]" name="TC044_ClickontabletslnkRedirectingtoTabletsPage" class="testcases.HomePage_TestCases"/>
        <method signature="HomePage_TestCases.TC045_ClickonsofwarelnkRedirectingtoSoftwarePage()[pri:0, instance:testcases.HomePage_TestCases@6bbe2511]" name="TC045_ClickonsofwarelnkRedirectingtoSoftwarePage" class="testcases.HomePage_TestCases"/>
        <method signature="HomePage_TestCases.TC046_ClickonphonesandpdaslnkRedirectingtoPhonesAndPDASPage()[pri:0, instance:testcases.HomePage_TestCases@6bbe2511]" name="TC046_ClickonphonesandpdaslnkRedirectingtoPhonesAndPDASPage" class="testcases.HomePage_TestCases"/>
        <method signature="HomePage_TestCases.TC047_ClickoncameraslnkRedirectingtoCamerasPage()[pri:0, instance:testcases.HomePage_TestCases@6bbe2511]" name="TC047_ClickoncameraslnkRedirectingtoCamerasPage" class="testcases.HomePage_TestCases"/>
        <method signature="HomePage_TestCases.TC048_hoveringMouseOnMp3PlayersLink()[pri:0, instance:testcases.HomePage_TestCases@6bbe2511]" name="TC048_hoveringMouseOnMp3PlayersLink" class="testcases.HomePage_TestCases"/>
        <method signature="HomePage_TestCases.TC049_ClickonTest11_0_lnkRedirectingtotest11Page()[pri:0, instance:testcases.HomePage_TestCases@6bbe2511]" name="TC049_ClickonTest11_0_lnkRedirectingtotest11Page" class="testcases.HomePage_TestCases"/>
        <method signature="HomePage_TestCases.TC050_ClickonTest12_0_lnkRedirectingtotest12Page()[pri:0, instance:testcases.HomePage_TestCases@6bbe2511]" name="TC050_ClickonTest12_0_lnkRedirectingtotest12Page" class="testcases.HomePage_TestCases"/>
        <method signature="HomePage_TestCases.TC051_ClickonTest15_0_lnkRedirectingtotest15Page()[pri:0, instance:testcases.HomePage_TestCases@6bbe2511]" name="TC051_ClickonTest15_0_lnkRedirectingtotest15Page" class="testcases.HomePage_TestCases"/>
        <method signature="HomePage_TestCases.TC052_ClickonTest16_0_lnkRedirectingtotest16Page()[pri:0, instance:testcases.HomePage_TestCases@6bbe2511]" name="TC052_ClickonTest16_0_lnkRedirectingtotest16Page" class="testcases.HomePage_TestCases"/>
        <method signature="HomePage_TestCases.TC053_ClickonTest17_0_lnkRedirectingtotest17Page()[pri:0, instance:testcases.HomePage_TestCases@6bbe2511]" name="TC053_ClickonTest17_0_lnkRedirectingtotest17Page" class="testcases.HomePage_TestCases"/>
        <method signature="HomePage_TestCases.TC054_ClickonTest18_0_lnkRedirectingtotest18Page()[pri:0, instance:testcases.HomePage_TestCases@6bbe2511]" name="TC054_ClickonTest18_0_lnkRedirectingtotest18Page" class="testcases.HomePage_TestCases"/>
        <method signature="HomePage_TestCases.TC055_ClickonTest19_0_lnkRedirectingtotest19Page()[pri:0, instance:testcases.HomePage_TestCases@6bbe2511]" name="TC055_ClickonTest19_0_lnkRedirectingtotest19Page" class="testcases.HomePage_TestCases"/>
        <method signature="HomePage_TestCases.TC056_ClickonTest20_0_lnkRedirectingtotest20Page()[pri:0, instance:testcases.HomePage_TestCases@6bbe2511]" name="TC056_ClickonTest20_0_lnkRedirectingtotest20Page" class="testcases.HomePage_TestCases"/>
        <method signature="HomePage_TestCases.TC057_ClickonTest21_0_lnkRedirectingtotest21Page()[pri:0, instance:testcases.HomePage_TestCases@6bbe2511]" name="TC057_ClickonTest21_0_lnkRedirectingtotest21Page" class="testcases.HomePage_TestCases"/>
        <method signature="HomePage_TestCases.TC058_ClickonTest22_0_lnkRedirectingtotest22Page()[pri:0, instance:testcases.HomePage_TestCases@6bbe2511]" name="TC058_ClickonTest22_0_lnkRedirectingtotest22Page" class="testcases.HomePage_TestCases"/>
        <method signature="HomePage_TestCases.TC059_ClickonTest23_0_lnkRedirectingtotest23Page()[pri:0, instance:testcases.HomePage_TestCases@6bbe2511]" name="TC059_ClickonTest23_0_lnkRedirectingtotest23Page" class="testcases.HomePage_TestCases"/>
        <method signature="HomePage_TestCases.TC060_ClickonTest24_0_lnkRedirectingtotest24Page()[pri:0, instance:testcases.HomePage_TestCases@6bbe2511]" name="TC060_ClickonTest24_0_lnkRedirectingtotest24Page" class="testcases.HomePage_TestCases"/>
        <method signature="HomePage_TestCases.TC061_ClickonTest4_0_lnkRedirectingtotest4Page()[pri:0, instance:testcases.HomePage_TestCases@6bbe2511]" name="TC061_ClickonTest4_0_lnkRedirectingtotest4Page" class="testcases.HomePage_TestCases"/>
        <method signature="HomePage_TestCases.TC062_ClickonTest5_0_lnkRedirectingtotest5Page()[pri:0, instance:testcases.HomePage_TestCases@6bbe2511]" name="TC062_ClickonTest5_0_lnkRedirectingtotest5Page" class="testcases.HomePage_TestCases"/>
        <method signature="HomePage_TestCases.TC063_ClickonTest6_0_lnkRedirectingtotest6Page()[pri:0, instance:testcases.HomePage_TestCases@6bbe2511]" name="TC063_ClickonTest6_0_lnkRedirectingtotest6Page" class="testcases.HomePage_TestCases"/>
        <method signature="HomePage_TestCases.TC064_ClickonTest7_0_lnkRedirectingtotest7Page()[pri:0, instance:testcases.HomePage_TestCases@6bbe2511]" name="TC064_ClickonTest7_0_lnkRedirectingtotest7Page" class="testcases.HomePage_TestCases"/>
        <method signature="HomePage_TestCases.TC065_ClickonTest8_0_lnkRedirectingtotest8Page()[pri:0, instance:testcases.HomePage_TestCases@6bbe2511]" name="TC065_ClickonTest8_0_lnkRedirectingtotest8Page" class="testcases.HomePage_TestCases"/>
        <method signature="HomePage_TestCases.TC066_ClickonTest9_0_lnkRedirectingtotest9Page()[pri:0, instance:testcases.HomePage_TestCases@6bbe2511]" name="TC066_ClickonTest9_0_lnkRedirectingtotest9Page" class="testcases.HomePage_TestCases"/>
        <method signature="HomePage_TestCases.TC067_ClickonShowAllMP3PlayerslnkRedirectingtoMP3PlayersPage()[pri:0, instance:testcases.HomePage_TestCases@6bbe2511]" name="TC067_ClickonShowAllMP3PlayerslnkRedirectingtoMP3PlayersPage" class="testcases.HomePage_TestCases"/>
        <method signature="HomePage_TestCases.TC068_verifyFourProductsInFeaturedHeadline()[pri:0, instance:testcases.HomePage_TestCases@6bbe2511]" name="TC068_verifyFourProductsInFeaturedHeadline" class="testcases.HomePage_TestCases"/>
        <method signature="HomePage_TestCases.TC069_VerifyMacBooklinkisredirectingtoMacBookpage()[pri:0, instance:testcases.HomePage_TestCases@6bbe2511]" name="TC069_VerifyMacBooklinkisredirectingtoMacBookpage" class="testcases.HomePage_TestCases"/>
        <method signature="HomePage_TestCases.TC070_VerifyMacBookDescription()[pri:0, instance:testcases.HomePage_TestCases@6bbe2511]" name="TC070_VerifyMacBookDescription" class="testcases.HomePage_TestCases"/>
        <method signature="HomePage_TestCases.TC071_VerifyMacBookTax()[pri:0, instance:testcases.HomePage_TestCases@6bbe2511]" name="TC071_VerifyMacBookTax" class="testcases.HomePage_TestCases"/>
        <method signature="HomePage_TestCases.TC072_VerifyMacBookExTax()[pri:0, instance:testcases.HomePage_TestCases@6bbe2511]" name="TC072_VerifyMacBookExTax" class="testcases.HomePage_TestCases"/>
        <method signature="HomePage_TestCases.TC073_verifyAgroupof3ButtonsaredisplayedinMacbookProduct()[pri:0, instance:testcases.HomePage_TestCases@6bbe2511]" name="TC073_verifyAgroupof3ButtonsaredisplayedinMacbookProduct" class="testcases.HomePage_TestCases"/>
        <method signature="HomePage_TestCases.TC074_VerifyAddtoCartButtonofMacBookProduct()[pri:0, instance:testcases.HomePage_TestCases@6bbe2511]" name="TC074_VerifyAddtoCartButtonofMacBookProduct" class="testcases.HomePage_TestCases"/>
        <method signature="HomePage_TestCases.TC075_VerifyAddtoWishListButtonofMacBookProductWithoutLogin()[pri:0, instance:testcases.HomePage_TestCases@6bbe2511]" name="TC075_VerifyAddtoWishListButtonofMacBookProductWithoutLogin" class="testcases.HomePage_TestCases"/>
        <method signature="HomePage_TestCases.TC077_VerifyCompareThisProductsButtonofMacBookProduct()[pri:0, instance:testcases.HomePage_TestCases@6bbe2511]" name="TC077_VerifyCompareThisProductsButtonofMacBookProduct" class="testcases.HomePage_TestCases"/>
        <method signature="HomePage_TestCases.TC078_VerifyiphoneLnkisRedirectToiphonePage()[pri:0, instance:testcases.HomePage_TestCases@6bbe2511]" name="TC078_VerifyiphoneLnkisRedirectToiphonePage" class="testcases.HomePage_TestCases"/>
        <method signature="HomePage_TestCases.TC079_VerifyiPhoneDescription()[pri:0, instance:testcases.HomePage_TestCases@6bbe2511]" name="TC079_VerifyiPhoneDescription" class="testcases.HomePage_TestCases"/>
        <method signature="HomePage_TestCases.TC080_VerifyiPhoneExTax()[pri:0, instance:testcases.HomePage_TestCases@6bbe2511]" name="TC080_VerifyiPhoneExTax" class="testcases.HomePage_TestCases"/>
        <method signature="HomePage_TestCases.TC081_VerifyiPhoneTax()[pri:0, instance:testcases.HomePage_TestCases@6bbe2511]" name="TC081_VerifyiPhoneTax" class="testcases.HomePage_TestCases"/>
        <method signature="HomePage_TestCases.TC082_verifyAgroupof3ButtonsaredisplayediniPhoneProduct()[pri:0, instance:testcases.HomePage_TestCases@6bbe2511]" name="TC082_verifyAgroupof3ButtonsaredisplayediniPhoneProduct" class="testcases.HomePage_TestCases"/>
        <method signature="HomePage_TestCases.TC083_VerifyAddtoCartButtonofiPhoneProduct()[pri:0, instance:testcases.HomePage_TestCases@6bbe2511]" name="TC083_VerifyAddtoCartButtonofiPhoneProduct" class="testcases.HomePage_TestCases"/>
        <method signature="HomePage_TestCases.TC084_VerifyAddtoWishListButtonofiPhoneProductWithoutLogin()[pri:0, instance:testcases.HomePage_TestCases@6bbe2511]" name="TC084_VerifyAddtoWishListButtonofiPhoneProductWithoutLogin" class="testcases.HomePage_TestCases"/>
        <method signature="HomePage_TestCases.TC086_VerifyCompareThisProductsButtonofiPhoneProduct()[pri:0, instance:testcases.HomePage_TestCases@6bbe2511]" name="TC086_VerifyCompareThisProductsButtonofiPhoneProduct" class="testcases.HomePage_TestCases"/>
        <method signature="HomePage_TestCases.TC087_VerifyAppleCinema30LnkisRedirectToAppleCinema30Page()[pri:0, instance:testcases.HomePage_TestCases@6bbe2511]" name="TC087_VerifyAppleCinema30LnkisRedirectToAppleCinema30Page" class="testcases.HomePage_TestCases"/>
        <method signature="HomePage_TestCases.TC088_VerifyAppleCinema30Description()[pri:0, instance:testcases.HomePage_TestCases@6bbe2511]" name="TC088_VerifyAppleCinema30Description" class="testcases.HomePage_TestCases"/>
        <method signature="HomePage_TestCases.TC089_VerifyAppleCinema30ExTax()[pri:0, instance:testcases.HomePage_TestCases@6bbe2511]" name="TC089_VerifyAppleCinema30ExTax" class="testcases.HomePage_TestCases"/>
        <method signature="HomePage_TestCases.TC090_VerifyAppleCinema30NewTax()[pri:0, instance:testcases.HomePage_TestCases@6bbe2511]" name="TC090_VerifyAppleCinema30NewTax" class="testcases.HomePage_TestCases"/>
        <method signature="HomePage_TestCases.TC091_VerifyAppleCinema30OldTax()[pri:0, instance:testcases.HomePage_TestCases@6bbe2511]" name="TC091_VerifyAppleCinema30OldTax" class="testcases.HomePage_TestCases"/>
        <method signature="HomePage_TestCases.TC092_verifyAgroupof3ButtonsaredisplayedinAppleCinema30Product()[pri:0, instance:testcases.HomePage_TestCases@6bbe2511]" name="TC092_verifyAgroupof3ButtonsaredisplayedinAppleCinema30Product" class="testcases.HomePage_TestCases"/>
        <method signature="HomePage_TestCases.TC093_VerifyAddtoCartButtonoRedirectingToAppleCinema30ProductPage()[pri:0, instance:testcases.HomePage_TestCases@6bbe2511]" name="TC093_VerifyAddtoCartButtonoRedirectingToAppleCinema30ProductPage" class="testcases.HomePage_TestCases"/>
        <method signature="HomePage_TestCases.TC094_VerifyAddtoWishListButtonofAppleCinema30ProductWithoutLogin()[pri:0, instance:testcases.HomePage_TestCases@6bbe2511]" name="TC094_VerifyAddtoWishListButtonofAppleCinema30ProductWithoutLogin" class="testcases.HomePage_TestCases"/>
        <method signature="HomePage_TestCases.TC096_VerifyCompareThisProductsButtonofAppleCinema30Product()[pri:0, instance:testcases.HomePage_TestCases@6bbe2511]" name="TC096_VerifyCompareThisProductsButtonofAppleCinema30Product" class="testcases.HomePage_TestCases"/>
        <method signature="HomePage_TestCases.TC097_VerifyCanonEOS5DLnkisRedirectToCanonEOS5DPage()[pri:0, instance:testcases.HomePage_TestCases@6bbe2511]" name="TC097_VerifyCanonEOS5DLnkisRedirectToCanonEOS5DPage" class="testcases.HomePage_TestCases"/>
        <method signature="HomePage_TestCases.TC098_VerifyCanonEOS5DDescription()[pri:0, instance:testcases.HomePage_TestCases@6bbe2511]" name="TC098_VerifyCanonEOS5DDescription" class="testcases.HomePage_TestCases"/>
        <method signature="HomePage_TestCases.TC099_VerifyCanonEOS5DExTax()[pri:0, instance:testcases.HomePage_TestCases@6bbe2511]" name="TC099_VerifyCanonEOS5DExTax" class="testcases.HomePage_TestCases"/>
        <method signature="HomePage_TestCases.TC100_VerifyCanonEOS5DNewTax()[pri:0, instance:testcases.HomePage_TestCases@6bbe2511]" name="TC100_VerifyCanonEOS5DNewTax" class="testcases.HomePage_TestCases"/>
        <method signature="HomePage_TestCases.TC101_VerifyCanonEOS5DOldTax()[pri:0, instance:testcases.HomePage_TestCases@6bbe2511]" name="TC101_VerifyCanonEOS5DOldTax" class="testcases.HomePage_TestCases"/>
        <method signature="HomePage_TestCases.TC102_verifyAgroupof3ButtonsaredisplayedinCanonEOS5DProduct()[pri:0, instance:testcases.HomePage_TestCases@6bbe2511]" name="TC102_verifyAgroupof3ButtonsaredisplayedinCanonEOS5DProduct" class="testcases.HomePage_TestCases"/>
        <method signature="HomePage_TestCases.TC104_VerifyAddtoWishListButtonofCanonEOS5DProductWithoutLogin()[pri:0, instance:testcases.HomePage_TestCases@6bbe2511]" name="TC104_VerifyAddtoWishListButtonofCanonEOS5DProductWithoutLogin" class="testcases.HomePage_TestCases"/>
        <method signature="HomePage_TestCases.TC106_VerifyCompareThisProductsButtonofCanonEOS5DProduct()[pri:0, instance:testcases.HomePage_TestCases@6bbe2511]" name="TC106_VerifyCompareThisProductsButtonofCanonEOS5DProduct" class="testcases.HomePage_TestCases"/>
        <method signature="HomePage_TestCases.TC107_VerifyClickonAboutUsLinkRedirectingToAboutUsPage()[pri:0, instance:testcases.HomePage_TestCases@6bbe2511]" name="TC107_VerifyClickonAboutUsLinkRedirectingToAboutUsPage" class="testcases.HomePage_TestCases"/>
        <method signature="HomePage_TestCases.TC108_VerifyClickonDeliveryInformationLinkRedirectingToDeliveryInformationPage()[pri:0, instance:testcases.HomePage_TestCases@6bbe2511]" name="TC108_VerifyClickonDeliveryInformationLinkRedirectingToDeliveryInformationPage" class="testcases.HomePage_TestCases"/>
        <method signature="HomePage_TestCases.TC109_VerifyClickonPrivacypolicyLinkRedirectingToPrivacypolicyPage()[pri:0, instance:testcases.HomePage_TestCases@6bbe2511]" name="TC109_VerifyClickonPrivacypolicyLinkRedirectingToPrivacypolicyPage" class="testcases.HomePage_TestCases"/>
        <method signature="HomePage_TestCases.TC110_VerifyClickonTermsAndConditionsLinkRedirectingToTermsAndConditionsPage()[pri:0, instance:testcases.HomePage_TestCases@6bbe2511]" name="TC110_VerifyClickonTermsAndConditionsLinkRedirectingToTermsAndConditionsPage" class="testcases.HomePage_TestCases"/>
        <method signature="HomePage_TestCases.TC111_VerifyClickonContactUsLinkRedirectingToContactUsPage()[pri:0, instance:testcases.HomePage_TestCases@6bbe2511]" name="TC111_VerifyClickonContactUsLinkRedirectingToContactUsPage" class="testcases.HomePage_TestCases"/>
        <method signature="HomePage_TestCases.TC112_VerifyClickonReturnsLinkRedirectingToReturnsPage()[pri:0, instance:testcases.HomePage_TestCases@6bbe2511]" name="TC112_VerifyClickonReturnsLinkRedirectingToReturnsPage" class="testcases.HomePage_TestCases"/>
        <method signature="HomePage_TestCases.TC113_VerifyClickonSiteMapLinkRedirectingToSiteMapPage()[pri:0, instance:testcases.HomePage_TestCases@6bbe2511]" name="TC113_VerifyClickonSiteMapLinkRedirectingToSiteMapPage" class="testcases.HomePage_TestCases"/>
        <method signature="HomePage_TestCases.TC114_VerifyClickonBrandLinkRedirectingToFindYourFavoriteBrandPage()[pri:0, instance:testcases.HomePage_TestCases@6bbe2511]" name="TC114_VerifyClickonBrandLinkRedirectingToFindYourFavoriteBrandPage" class="testcases.HomePage_TestCases"/>
        <method signature="HomePage_TestCases.TC115_VerifyClickonGiftCertificatesLinkRedirectingToPurchaseAGiftCertificatePage()[pri:0, instance:testcases.HomePage_TestCases@6bbe2511]" name="TC115_VerifyClickonGiftCertificatesLinkRedirectingToPurchaseAGiftCertificatePage" class="testcases.HomePage_TestCases"/>
        <method signature="HomePage_TestCases.TC116_VerifyClickonAffiliateLinkRedirectingToAffiliateProgramPageWithoutLogin()[pri:0, instance:testcases.HomePage_TestCases@6bbe2511]" name="TC116_VerifyClickonAffiliateLinkRedirectingToAffiliateProgramPageWithoutLogin" class="testcases.HomePage_TestCases"/>
        <method signature="HomePage_TestCases.TC118_VerifyClickonSpecialLinkRedirectingToSpecialOffersPage()[pri:0, instance:testcases.HomePage_TestCases@6bbe2511]" name="TC118_VerifyClickonSpecialLinkRedirectingToSpecialOffersPage" class="testcases.HomePage_TestCases"/>
        <method signature="TC002_LoginTest.verify_Login()[pri:0, instance:testcases.TC002_LoginTest@7a1a3478]" name="verify_Login" class="testcases.TC002_LoginTest"/>
      </group> <!-- Sanity -->
      <group name="Regression">
        <method signature="HomePage_TestCases.TC024_VerifyMyAccountLinkRedirectingtoMyAccountPage()[pri:0, instance:testcases.HomePage_TestCases@6bbe2511]" name="TC024_VerifyMyAccountLinkRedirectingtoMyAccountPage" class="testcases.HomePage_TestCases"/>
        <method signature="HomePage_TestCases.TC025_VerifyOrderHistoryLinkRedirectingtoOrderHistoryPage()[pri:0, instance:testcases.HomePage_TestCases@6bbe2511]" name="TC025_VerifyOrderHistoryLinkRedirectingtoOrderHistoryPage" class="testcases.HomePage_TestCases"/>
        <method signature="HomePage_TestCases.TC026_VerifyTransactionsLinkRedirectingtoYourTransactionsPage()[pri:0, instance:testcases.HomePage_TestCases@6bbe2511]" name="TC026_VerifyTransactionsLinkRedirectingtoYourTransactionsPage" class="testcases.HomePage_TestCases"/>
        <method signature="HomePage_TestCases.TC027_VerifyDownloadsLinkRedirectingtoAccountDownloadsPage()[pri:0, instance:testcases.HomePage_TestCases@6bbe2511]" name="TC027_VerifyDownloadsLinkRedirectingtoAccountDownloadsPage" class="testcases.HomePage_TestCases"/>
        <method signature="HomePage_TestCases.TC028_VerifyLogoutLinkRedirectingtoLogoutPage()[pri:0, instance:testcases.HomePage_TestCases@6bbe2511]" name="TC028_VerifyLogoutLinkRedirectingtoLogoutPage" class="testcases.HomePage_TestCases"/>
        <method signature="HomePage_TestCases.TC076_VerifyAddtoWishListButtonofMacBookProductWithLogin()[pri:0, instance:testcases.HomePage_TestCases@6bbe2511]" name="TC076_VerifyAddtoWishListButtonofMacBookProductWithLogin" class="testcases.HomePage_TestCases"/>
        <method signature="HomePage_TestCases.TC085_VerifyAddtoWishListButtonofiPhoneProductWithLogin()[pri:0, instance:testcases.HomePage_TestCases@6bbe2511]" name="TC085_VerifyAddtoWishListButtonofiPhoneProductWithLogin" class="testcases.HomePage_TestCases"/>
        <method signature="HomePage_TestCases.TC095_VerifyAddtoAppleCinema30ButtonofAppleCinema30ProductWithLogin()[pri:0, instance:testcases.HomePage_TestCases@6bbe2511]" name="TC095_VerifyAddtoAppleCinema30ButtonofAppleCinema30ProductWithLogin" class="testcases.HomePage_TestCases"/>
        <method signature="HomePage_TestCases.TC105_VerifyAddtoCanonEOS5DButtonofCanonEOS5DProductWithLogin()[pri:0, instance:testcases.HomePage_TestCases@6bbe2511]" name="TC105_VerifyAddtoCanonEOS5DButtonofCanonEOS5DProductWithLogin" class="testcases.HomePage_TestCases"/>
        <method signature="HomePage_TestCases.TC117_VerifyClickonAffiliateLinkRedirectingToMyAffiliateAccountPageWithLogin()[pri:0, instance:testcases.HomePage_TestCases@6bbe2511]" name="TC117_VerifyClickonAffiliateLinkRedirectingToMyAffiliateAccountPageWithLogin" class="testcases.HomePage_TestCases"/>
        <method signature="TC001_AccountRegistractionTest.TC001_AccountRegistrationTest()[pri:0, instance:testcases.TC001_AccountRegistractionTest@3212a8d7]" name="TC001_AccountRegistrationTest" class="testcases.TC001_AccountRegistractionTest"/>
      </group> <!-- Regression -->
    </groups>
    <test started-at="2025-04-30T22:57:17 IST" name="ChromeTest" finished-at="2025-04-30T23:00:19 IST" duration-ms="181953">
      <class name="testcases.TC002_LoginTest">
        <test-method is-config="true" signature="setup(java.lang.String,java.lang.String)[pri:0, instance:testcases.TC002_LoginTest@7a1a3478]" started-at="2025-04-30T23:00:09 IST" name="setup" finished-at="2025-04-30T23:00:14 IST" duration-ms="5076" status="PASS">
          <params>
            <param index="0">
              <value>
                <![CDATA[Windows]]>
              </value>
            </param>
            <param index="1">
              <value>
                <![CDATA[chrome]]>
              </value>
            </param>
          </params>
          <reporter-output>
          </reporter-output>
        </test-method> <!-- setup -->
        <test-method is-config="true" signature="launchUrl()[pri:0, instance:testcases.TC002_LoginTest@7a1a3478]" started-at="2025-04-30T23:00:14 IST" name="launchUrl" finished-at="2025-04-30T23:00:16 IST" duration-ms="1559" status="PASS">
          <reporter-output>
          </reporter-output>
        </test-method> <!-- launchUrl -->
        <test-method signature="verify_Login()[pri:0, instance:testcases.TC002_LoginTest@7a1a3478]" started-at="2025-04-30T23:00:16 IST" name="verify_Login" finished-at="2025-04-30T23:00:18 IST" duration-ms="2393" status="PASS">
          <reporter-output>
          </reporter-output>
        </test-method> <!-- verify_Login -->
        <test-method is-config="true" signature="tearDown()[pri:0, instance:testcases.TC002_LoginTest@7a1a3478]" started-at="2025-04-30T23:00:18 IST" name="tearDown" finished-at="2025-04-30T23:00:19 IST" duration-ms="639" status="PASS">
          <reporter-output>
          </reporter-output>
        </test-method> <!-- tearDown -->
      </class> <!-- testcases.TC002_LoginTest -->
      <class name="testcases.TC001_AccountRegistractionTest">
        <test-method is-config="true" signature="setup(java.lang.String,java.lang.String)[pri:0, instance:testcases.TC001_AccountRegistractionTest@3212a8d7]" started-at="2025-04-30T22:59:53 IST" name="setup" finished-at="2025-04-30T23:00:00 IST" duration-ms="6261" status="PASS">
          <params>
            <param index="0">
              <value>
                <![CDATA[Windows]]>
              </value>
            </param>
            <param index="1">
              <value>
                <![CDATA[chrome]]>
              </value>
            </param>
          </params>
          <reporter-output>
          </reporter-output>
        </test-method> <!-- setup -->
        <test-method is-config="true" signature="launchUrl()[pri:0, instance:testcases.TC001_AccountRegistractionTest@3212a8d7]" started-at="2025-04-30T23:00:00 IST" name="launchUrl" finished-at="2025-04-30T23:00:04 IST" duration-ms="4169" status="PASS">
          <reporter-output>
          </reporter-output>
        </test-method> <!-- launchUrl -->
        <test-method signature="TC001_AccountRegistrationTest()[pri:0, instance:testcases.TC001_AccountRegistractionTest@3212a8d7]" started-at="2025-04-30T23:00:04 IST" name="TC001_AccountRegistrationTest" finished-at="2025-04-30T23:00:09 IST" duration-ms="4797" status="PASS">
          <reporter-output>
          </reporter-output>
        </test-method> <!-- TC001_AccountRegistrationTest -->
        <test-method is-config="true" signature="tearDown()[pri:0, instance:testcases.TC001_AccountRegistractionTest@3212a8d7]" started-at="2025-04-30T23:00:09 IST" name="tearDown" finished-at="2025-04-30T23:00:09 IST" duration-ms="535" status="PASS">
          <reporter-output>
          </reporter-output>
        </test-method> <!-- tearDown -->
      </class> <!-- testcases.TC001_AccountRegistractionTest -->
      <class name="testcases.HomePage_TestCases">
        <test-method is-config="true" signature="setup(java.lang.String,java.lang.String)[pri:0, instance:testcases.HomePage_TestCases@6bbe2511]" started-at="2025-04-30T22:57:18 IST" name="setup" finished-at="2025-04-30T22:57:26 IST" duration-ms="7792" status="PASS">
          <params>
            <param index="0">
              <value>
                <![CDATA[Windows]]>
              </value>
            </param>
            <param index="1">
              <value>
                <![CDATA[chrome]]>
              </value>
            </param>
          </params>
          <reporter-output>
          </reporter-output>
        </test-method> <!-- setup -->
        <test-method is-config="true" signature="launchUrl()[pri:0, instance:testcases.HomePage_TestCases@6bbe2511]" started-at="2025-04-30T22:57:26 IST" name="launchUrl" finished-at="2025-04-30T22:57:29 IST" duration-ms="3292" status="PASS">
          <reporter-output>
          </reporter-output>
        </test-method> <!-- launchUrl -->
        <test-method signature="TC001_VerifyHomePageLoadSuccessfully()[pri:0, instance:testcases.HomePage_TestCases@6bbe2511]" started-at="2025-04-30T22:57:29 IST" name="TC001_VerifyHomePageLoadSuccessfully" finished-at="2025-04-30T22:57:29 IST" duration-ms="103" status="PASS">
          <reporter-output>
          </reporter-output>
        </test-method> <!-- TC001_VerifyHomePageLoadSuccessfully -->
        <test-method is-config="true" signature="launchUrl()[pri:0, instance:testcases.HomePage_TestCases@6bbe2511]" started-at="2025-04-30T22:57:30 IST" name="launchUrl" finished-at="2025-04-30T22:57:31 IST" duration-ms="1665" status="PASS">
          <reporter-output>
          </reporter-output>
        </test-method> <!-- launchUrl -->
        <test-method signature="TC002_VerifyHomePageTitle()[pri:0, instance:testcases.HomePage_TestCases@6bbe2511]" started-at="2025-04-30T22:57:31 IST" name="TC002_VerifyHomePageTitle" finished-at="2025-04-30T22:57:31 IST" duration-ms="24" status="PASS">
          <reporter-output>
          </reporter-output>
        </test-method> <!-- TC002_VerifyHomePageTitle -->
        <test-method is-config="true" signature="launchUrl()[pri:0, instance:testcases.HomePage_TestCases@6bbe2511]" started-at="2025-04-30T22:57:31 IST" name="launchUrl" finished-at="2025-04-30T22:57:32 IST" duration-ms="298" status="PASS">
          <reporter-output>
          </reporter-output>
        </test-method> <!-- launchUrl -->
        <test-method signature="TC003_VerifyISLogoDisplayed()[pri:0, instance:testcases.HomePage_TestCases@6bbe2511]" started-at="2025-04-30T22:57:32 IST" name="TC003_VerifyISLogoDisplayed" finished-at="2025-04-30T22:57:32 IST" duration-ms="195" status="PASS">
          <reporter-output>
          </reporter-output>
        </test-method> <!-- TC003_VerifyISLogoDisplayed -->
        <test-method is-config="true" signature="launchUrl()[pri:0, instance:testcases.HomePage_TestCases@6bbe2511]" started-at="2025-04-30T22:57:32 IST" name="launchUrl" finished-at="2025-04-30T22:57:32 IST" duration-ms="330" status="PASS">
          <reporter-output>
          </reporter-output>
        </test-method> <!-- launchUrl -->
        <test-method signature="TC004_verifyCurencyareDisplayedinsideCurrencyLink()[pri:0, instance:testcases.HomePage_TestCases@6bbe2511]" started-at="2025-04-30T22:57:32 IST" name="TC004_verifyCurencyareDisplayedinsideCurrencyLink" finished-at="2025-04-30T22:57:32 IST" duration-ms="366" status="PASS">
          <reporter-output>
          </reporter-output>
        </test-method> <!-- TC004_verifyCurencyareDisplayedinsideCurrencyLink -->
        <test-method is-config="true" signature="launchUrl()[pri:0, instance:testcases.HomePage_TestCases@6bbe2511]" started-at="2025-04-30T22:57:32 IST" name="launchUrl" finished-at="2025-04-30T22:57:33 IST" duration-ms="349" status="PASS">
          <reporter-output>
          </reporter-output>
        </test-method> <!-- launchUrl -->
        <test-method signature="TC005_VerifyEuroCurrencyButtonTest()[pri:0, instance:testcases.HomePage_TestCases@6bbe2511]" started-at="2025-04-30T22:57:33 IST" name="TC005_VerifyEuroCurrencyButtonTest" finished-at="2025-04-30T22:57:34 IST" duration-ms="1008" status="PASS">
          <reporter-output>
          </reporter-output>
        </test-method> <!-- TC005_VerifyEuroCurrencyButtonTest -->
        <test-method is-config="true" signature="launchUrl()[pri:0, instance:testcases.HomePage_TestCases@6bbe2511]" started-at="2025-04-30T22:57:34 IST" name="launchUrl" finished-at="2025-04-30T22:57:35 IST" duration-ms="963" status="PASS">
          <reporter-output>
          </reporter-output>
        </test-method> <!-- launchUrl -->
        <test-method signature="TC006_VerifyPoundCurrencyButtonTest()[pri:0, instance:testcases.HomePage_TestCases@6bbe2511]" started-at="2025-04-30T22:57:35 IST" name="TC006_VerifyPoundCurrencyButtonTest" finished-at="2025-04-30T22:57:36 IST" duration-ms="953" status="PASS">
          <reporter-output>
          </reporter-output>
        </test-method> <!-- TC006_VerifyPoundCurrencyButtonTest -->
        <test-method is-config="true" signature="launchUrl()[pri:0, instance:testcases.HomePage_TestCases@6bbe2511]" started-at="2025-04-30T22:57:36 IST" name="launchUrl" finished-at="2025-04-30T22:57:36 IST" duration-ms="412" status="PASS">
          <reporter-output>
          </reporter-output>
        </test-method> <!-- launchUrl -->
        <test-method signature="TC007_VerifyDollarCurrencyButtonTest()[pri:0, instance:testcases.HomePage_TestCases@6bbe2511]" started-at="2025-04-30T22:57:36 IST" name="TC007_VerifyDollarCurrencyButtonTest" finished-at="2025-04-30T22:57:37 IST" duration-ms="907" status="PASS">
          <reporter-output>
          </reporter-output>
        </test-method> <!-- TC007_VerifyDollarCurrencyButtonTest -->
        <test-method is-config="true" signature="launchUrl()[pri:0, instance:testcases.HomePage_TestCases@6bbe2511]" started-at="2025-04-30T22:57:37 IST" name="launchUrl" finished-at="2025-04-30T22:57:37 IST" duration-ms="395" status="PASS">
          <reporter-output>
          </reporter-output>
        </test-method> <!-- launchUrl -->
        <test-method signature="TC008_VerifyContactlnkRedirectingtoContactPage()[pri:0, instance:testcases.HomePage_TestCases@6bbe2511]" started-at="2025-04-30T22:57:37 IST" name="TC008_VerifyContactlnkRedirectingtoContactPage" finished-at="2025-04-30T22:57:38 IST" duration-ms="918" status="PASS">
          <reporter-output>
          </reporter-output>
        </test-method> <!-- TC008_VerifyContactlnkRedirectingtoContactPage -->
        <test-method is-config="true" signature="launchUrl()[pri:0, instance:testcases.HomePage_TestCases@6bbe2511]" started-at="2025-04-30T22:57:38 IST" name="launchUrl" finished-at="2025-04-30T22:57:39 IST" duration-ms="396" status="PASS">
          <reporter-output>
          </reporter-output>
        </test-method> <!-- launchUrl -->
        <test-method signature="TC009_verifyLinksareDisplayedinsideMyAccountLink()[pri:0, instance:testcases.HomePage_TestCases@6bbe2511]" started-at="2025-04-30T22:57:39 IST" name="TC009_verifyLinksareDisplayedinsideMyAccountLink" finished-at="2025-04-30T22:57:39 IST" duration-ms="311" status="PASS">
          <reporter-output>
          </reporter-output>
        </test-method> <!-- TC009_verifyLinksareDisplayedinsideMyAccountLink -->
        <test-method is-config="true" signature="launchUrl()[pri:0, instance:testcases.HomePage_TestCases@6bbe2511]" started-at="2025-04-30T22:57:39 IST" name="launchUrl" finished-at="2025-04-30T22:57:39 IST" duration-ms="308" status="PASS">
          <reporter-output>
          </reporter-output>
        </test-method> <!-- launchUrl -->
        <test-method signature="TC0103_VerifyAddtoCartButtonoRedirectingToCanonEOS5DProductPage()[pri:0, instance:testcases.HomePage_TestCases@6bbe2511]" started-at="2025-04-30T22:57:39 IST" name="TC0103_VerifyAddtoCartButtonoRedirectingToCanonEOS5DProductPage" finished-at="2025-04-30T22:57:40 IST" duration-ms="71" status="PASS">
          <reporter-output>
          </reporter-output>
        </test-method> <!-- TC0103_VerifyAddtoCartButtonoRedirectingToCanonEOS5DProductPage -->
        <test-method is-config="true" signature="launchUrl()[pri:0, instance:testcases.HomePage_TestCases@6bbe2511]" started-at="2025-04-30T22:57:40 IST" name="launchUrl" finished-at="2025-04-30T22:57:40 IST" duration-ms="302" status="PASS">
          <reporter-output>
          </reporter-output>
        </test-method> <!-- launchUrl -->
        <test-method signature="TC010_VerifyRegisterlnkRedirectingtoRegisterAccountPage()[pri:0, instance:testcases.HomePage_TestCases@6bbe2511]" started-at="2025-04-30T22:57:40 IST" name="TC010_VerifyRegisterlnkRedirectingtoRegisterAccountPage" finished-at="2025-04-30T22:57:41 IST" duration-ms="1052" status="PASS">
          <reporter-output>
          </reporter-output>
        </test-method> <!-- TC010_VerifyRegisterlnkRedirectingtoRegisterAccountPage -->
        <test-method is-config="true" signature="launchUrl()[pri:0, instance:testcases.HomePage_TestCases@6bbe2511]" started-at="2025-04-30T22:57:41 IST" name="launchUrl" finished-at="2025-04-30T22:57:41 IST" duration-ms="453" status="PASS">
          <reporter-output>
          </reporter-output>
        </test-method> <!-- launchUrl -->
        <test-method signature="TC011_VerifyLoginlnkRedirectingtoReturingCustomerPage()[pri:0, instance:testcases.HomePage_TestCases@6bbe2511]" started-at="2025-04-30T22:57:41 IST" name="TC011_VerifyLoginlnkRedirectingtoReturingCustomerPage" finished-at="2025-04-30T22:57:42 IST" duration-ms="720" status="PASS">
          <reporter-output>
          </reporter-output>
        </test-method> <!-- TC011_VerifyLoginlnkRedirectingtoReturingCustomerPage -->
        <test-method is-config="true" signature="launchUrl()[pri:0, instance:testcases.HomePage_TestCases@6bbe2511]" started-at="2025-04-30T22:57:42 IST" name="launchUrl" finished-at="2025-04-30T22:57:42 IST" duration-ms="453" status="PASS">
          <reporter-output>
          </reporter-output>
        </test-method> <!-- launchUrl -->
        <test-method signature="TC012_VerifyWishListlnkRedirectingtoReturingCustomerPageWithoutLogin()[pri:0, instance:testcases.HomePage_TestCases@6bbe2511]" started-at="2025-04-30T22:57:42 IST" name="TC012_VerifyWishListlnkRedirectingtoReturingCustomerPageWithoutLogin" finished-at="2025-04-30T22:57:43 IST" duration-ms="772" status="PASS">
          <reporter-output>
          </reporter-output>
        </test-method> <!-- TC012_VerifyWishListlnkRedirectingtoReturingCustomerPageWithoutLogin -->
        <test-method is-config="true" signature="launchUrl()[pri:0, instance:testcases.HomePage_TestCases@6bbe2511]" started-at="2025-04-30T22:57:43 IST" name="launchUrl" finished-at="2025-04-30T22:57:44 IST" duration-ms="404" status="PASS">
          <reporter-output>
          </reporter-output>
        </test-method> <!-- launchUrl -->
        <test-method signature="TC014_VerifyShoppingCartlnkRedirectingtoShoppingCartPageWithoutLogin()[pri:0, instance:testcases.HomePage_TestCases@6bbe2511]" started-at="2025-04-30T22:57:44 IST" name="TC014_VerifyShoppingCartlnkRedirectingtoShoppingCartPageWithoutLogin" finished-at="2025-04-30T22:57:44 IST" duration-ms="549" status="PASS">
          <reporter-output>
          </reporter-output>
        </test-method> <!-- TC014_VerifyShoppingCartlnkRedirectingtoShoppingCartPageWithoutLogin -->
        <test-method is-config="true" signature="launchUrl()[pri:0, instance:testcases.HomePage_TestCases@6bbe2511]" started-at="2025-04-30T22:57:44 IST" name="launchUrl" finished-at="2025-04-30T22:57:45 IST" duration-ms="392" status="PASS">
          <reporter-output>
          </reporter-output>
        </test-method> <!-- launchUrl -->
        <test-method signature="TC016_VerifycheckoutlnkRedirectingtoShoppingCartPageWithoutLogin()[pri:0, instance:testcases.HomePage_TestCases@6bbe2511]" started-at="2025-04-30T22:57:45 IST" name="TC016_VerifycheckoutlnkRedirectingtoShoppingCartPageWithoutLogin" finished-at="2025-04-30T22:57:45 IST" duration-ms="605" status="PASS">
          <reporter-output>
          </reporter-output>
        </test-method> <!-- TC016_VerifycheckoutlnkRedirectingtoShoppingCartPageWithoutLogin -->
        <test-method is-config="true" signature="launchUrl()[pri:0, instance:testcases.HomePage_TestCases@6bbe2511]" started-at="2025-04-30T22:57:45 IST" name="launchUrl" finished-at="2025-04-30T22:57:46 IST" duration-ms="356" status="PASS">
          <reporter-output>
          </reporter-output>
        </test-method> <!-- launchUrl -->
        <test-method signature="TC018_VerifysearchInputBoxIsEnabled()[pri:0, instance:testcases.HomePage_TestCases@6bbe2511]" started-at="2025-04-30T22:57:46 IST" name="TC018_VerifysearchInputBoxIsEnabled" finished-at="2025-04-30T22:57:46 IST" duration-ms="84" status="PASS">
          <reporter-output>
          </reporter-output>
        </test-method> <!-- TC018_VerifysearchInputBoxIsEnabled -->
        <test-method is-config="true" signature="launchUrl()[pri:0, instance:testcases.HomePage_TestCases@6bbe2511]" started-at="2025-04-30T22:57:46 IST" name="launchUrl" finished-at="2025-04-30T22:57:46 IST" duration-ms="361" status="PASS">
          <reporter-output>
          </reporter-output>
        </test-method> <!-- launchUrl -->
        <test-method signature="TC019_VerifysearchInputBoxWithRegisteredtextValue()[pri:0, instance:testcases.HomePage_TestCases@6bbe2511]" started-at="2025-04-30T22:57:46 IST" name="TC019_VerifysearchInputBoxWithRegisteredtextValue" finished-at="2025-04-30T22:57:47 IST" duration-ms="925" status="PASS">
          <reporter-output>
          </reporter-output>
        </test-method> <!-- TC019_VerifysearchInputBoxWithRegisteredtextValue -->
        <test-method is-config="true" signature="launchUrl()[pri:0, instance:testcases.HomePage_TestCases@6bbe2511]" started-at="2025-04-30T22:57:47 IST" name="launchUrl" finished-at="2025-04-30T22:57:47 IST" duration-ms="352" status="PASS">
          <reporter-output>
          </reporter-output>
        </test-method> <!-- launchUrl -->
        <test-method signature="TC020_VerifysearchInputBoxWithUnRegisteredtextValue()[pri:0, instance:testcases.HomePage_TestCases@6bbe2511]" started-at="2025-04-30T22:57:47 IST" name="TC020_VerifysearchInputBoxWithUnRegisteredtextValue" finished-at="2025-04-30T22:57:48 IST" duration-ms="772" status="PASS">
          <reporter-output>
          </reporter-output>
        </test-method> <!-- TC020_VerifysearchInputBoxWithUnRegisteredtextValue -->
        <test-method is-config="true" signature="launchUrl()[pri:0, instance:testcases.HomePage_TestCases@6bbe2511]" started-at="2025-04-30T22:57:48 IST" name="launchUrl" finished-at="2025-04-30T22:57:49 IST" duration-ms="429" status="PASS">
          <reporter-output>
          </reporter-output>
        </test-method> <!-- launchUrl -->
        <test-method signature="TC021_VerifysearchInputBoxWithNotextValue()[pri:0, instance:testcases.HomePage_TestCases@6bbe2511]" started-at="2025-04-30T22:57:49 IST" name="TC021_VerifysearchInputBoxWithNotextValue" finished-at="2025-04-30T22:57:49 IST" duration-ms="856" status="PASS">
          <reporter-output>
          </reporter-output>
        </test-method> <!-- TC021_VerifysearchInputBoxWithNotextValue -->
        <test-method is-config="true" signature="launchUrl()[pri:0, instance:testcases.HomePage_TestCases@6bbe2511]" started-at="2025-04-30T22:57:49 IST" name="launchUrl" finished-at="2025-04-30T22:57:50 IST" duration-ms="432" status="PASS">
          <reporter-output>
          </reporter-output>
        </test-method> <!-- launchUrl -->
        <test-method signature="TC023_VerifyaddtocartbuttonRedirectingtoPageWithMsgWithoutLogin()[pri:0, instance:testcases.HomePage_TestCases@6bbe2511]" started-at="2025-04-30T22:57:50 IST" name="TC023_VerifyaddtocartbuttonRedirectingtoPageWithMsgWithoutLogin" finished-at="2025-04-30T22:57:50 IST" duration-ms="255" status="PASS">
          <reporter-output>
          </reporter-output>
        </test-method> <!-- TC023_VerifyaddtocartbuttonRedirectingtoPageWithMsgWithoutLogin -->
        <test-method is-config="true" signature="launchUrl()[pri:0, instance:testcases.HomePage_TestCases@6bbe2511]" started-at="2025-04-30T22:57:50 IST" name="launchUrl" finished-at="2025-04-30T22:57:50 IST" duration-ms="332" status="PASS">
          <reporter-output>
          </reporter-output>
        </test-method> <!-- launchUrl -->
        <test-method signature="TC024_VerifyMyAccountLinkRedirectingtoMyAccountPage()[pri:0, instance:testcases.HomePage_TestCases@6bbe2511]" started-at="2025-04-30T22:57:50 IST" name="TC024_VerifyMyAccountLinkRedirectingtoMyAccountPage" finished-at="2025-04-30T22:57:54 IST" duration-ms="3416" status="PASS">
          <reporter-output>
          </reporter-output>
        </test-method> <!-- TC024_VerifyMyAccountLinkRedirectingtoMyAccountPage -->
        <test-method is-config="true" signature="launchUrl()[pri:0, instance:testcases.HomePage_TestCases@6bbe2511]" started-at="2025-04-30T22:57:54 IST" name="launchUrl" finished-at="2025-04-30T22:57:54 IST" duration-ms="445" status="PASS">
          <reporter-output>
          </reporter-output>
        </test-method> <!-- launchUrl -->
        <test-method signature="TC025_VerifyOrderHistoryLinkRedirectingtoOrderHistoryPage()[pri:0, instance:testcases.HomePage_TestCases@6bbe2511]" started-at="2025-04-30T22:57:54 IST" name="TC025_VerifyOrderHistoryLinkRedirectingtoOrderHistoryPage" finished-at="2025-04-30T22:57:58 IST" duration-ms="3554" status="PASS">
          <reporter-output>
          </reporter-output>
[...]
        <test-method is-config="true" signature="launchUrl()[pri:0, instance:testcases.HomePage_TestCases@6bbe2511]" started-at="2025-04-30T22:59:21 IST" name="launchUrl" finished-at="2025-04-30T22:59:21 IST" duration-ms="406" status="PASS">
          <reporter-output>
          </reporter-output>
        </test-method> <!-- launchUrl -->
        <test-method signature="TC094_VerifyAddtoWishListButtonofAppleCinema30ProductWithoutLogin()[pri:0, instance:testcases.HomePage_TestCases@6bbe2511]" started-at="2025-04-30T22:59:21 IST" name="TC094_VerifyAddtoWishListButtonofAppleCinema30ProductWithoutLogin" finished-at="2025-04-30T22:59:22 IST" duration-ms="435" status="PASS">
          <reporter-output>
          </reporter-output>
        </test-method> <!-- TC094_VerifyAddtoWishListButtonofAppleCinema30ProductWithoutLogin -->
        <test-method is-config="true" signature="launchUrl()[pri:0, instance:testcases.HomePage_TestCases@6bbe2511]" started-at="2025-04-30T22:59:22 IST" name="launchUrl" finished-at="2025-04-30T22:59:22 IST" duration-ms="404" status="PASS">
          <reporter-output>
          </reporter-output>
        </test-method> <!-- launchUrl -->
        <test-method signature="TC095_VerifyAddtoAppleCinema30ButtonofAppleCinema30ProductWithLogin()[pri:0, instance:testcases.HomePage_TestCases@6bbe2511]" started-at="2025-04-30T22:59:22 IST" name="TC095_VerifyAddtoAppleCinema30ButtonofAppleCinema30ProductWithLogin" finished-at="2025-04-30T22:59:27 IST" duration-ms="5279" status="PASS">
          <reporter-output>
          </reporter-output>
        </test-method> <!-- TC095_VerifyAddtoAppleCinema30ButtonofAppleCinema30ProductWithLogin -->
        <test-method is-config="true" signature="launchUrl()[pri:0, instance:testcases.HomePage_TestCases@6bbe2511]" started-at="2025-04-30T22:59:27 IST" name="launchUrl" finished-at="2025-04-30T22:59:28 IST" duration-ms="377" status="PASS">
          <reporter-output>
          </reporter-output>
        </test-method> <!-- launchUrl -->
        <test-method signature="TC096_VerifyCompareThisProductsButtonofAppleCinema30Product()[pri:0, instance:testcases.HomePage_TestCases@6bbe2511]" started-at="2025-04-30T22:59:28 IST" name="TC096_VerifyCompareThisProductsButtonofAppleCinema30Product" finished-at="2025-04-30T22:59:28 IST" duration-ms="429" status="PASS">
          <reporter-output>
          </reporter-output>
        </test-method> <!-- TC096_VerifyCompareThisProductsButtonofAppleCinema30Product -->
        <test-method is-config="true" signature="launchUrl()[pri:0, instance:testcases.HomePage_TestCases@6bbe2511]" started-at="2025-04-30T22:59:28 IST" name="launchUrl" finished-at="2025-04-30T22:59:28 IST" duration-ms="336" status="PASS">
          <reporter-output>
          </reporter-output>
        </test-method> <!-- launchUrl -->
        <test-method signature="TC097_VerifyCanonEOS5DLnkisRedirectToCanonEOS5DPage()[pri:0, instance:testcases.HomePage_TestCases@6bbe2511]" started-at="2025-04-30T22:59:28 IST" name="TC097_VerifyCanonEOS5DLnkisRedirectToCanonEOS5DPage" finished-at="2025-04-30T22:59:29 IST" duration-ms="624" status="PASS">
          <reporter-output>
          </reporter-output>
        </test-method> <!-- TC097_VerifyCanonEOS5DLnkisRedirectToCanonEOS5DPage -->
        <test-method is-config="true" signature="launchUrl()[pri:0, instance:testcases.HomePage_TestCases@6bbe2511]" started-at="2025-04-30T22:59:29 IST" name="launchUrl" finished-at="2025-04-30T22:59:29 IST" duration-ms="394" status="PASS">
          <reporter-output>
          </reporter-output>
        </test-method> <!-- launchUrl -->
        <test-method signature="TC098_VerifyCanonEOS5DDescription()[pri:0, instance:testcases.HomePage_TestCases@6bbe2511]" started-at="2025-04-30T22:59:29 IST" name="TC098_VerifyCanonEOS5DDescription" finished-at="2025-04-30T22:59:30 IST" duration-ms="114" status="PASS">
          <reporter-output>
          </reporter-output>
        </test-method> <!-- TC098_VerifyCanonEOS5DDescription -->
        <test-method is-config="true" signature="launchUrl()[pri:0, instance:testcases.HomePage_TestCases@6bbe2511]" started-at="2025-04-30T22:59:30 IST" name="launchUrl" finished-at="2025-04-30T22:59:30 IST" duration-ms="486" status="PASS">
          <reporter-output>
          </reporter-output>
        </test-method> <!-- launchUrl -->
        <test-method signature="TC099_VerifyCanonEOS5DExTax()[pri:0, instance:testcases.HomePage_TestCases@6bbe2511]" started-at="2025-04-30T22:59:30 IST" name="TC099_VerifyCanonEOS5DExTax" finished-at="2025-04-30T22:59:30 IST" duration-ms="90" status="PASS">
          <reporter-output>
          </reporter-output>
        </test-method> <!-- TC099_VerifyCanonEOS5DExTax -->
        <test-method is-config="true" signature="launchUrl()[pri:0, instance:testcases.HomePage_TestCases@6bbe2511]" started-at="2025-04-30T22:59:30 IST" name="launchUrl" finished-at="2025-04-30T22:59:30 IST" duration-ms="277" status="PASS">
          <reporter-output>
          </reporter-output>
        </test-method> <!-- launchUrl -->
        <test-method signature="TC100_VerifyCanonEOS5DNewTax()[pri:0, instance:testcases.HomePage_TestCases@6bbe2511]" started-at="2025-04-30T22:59:30 IST" name="TC100_VerifyCanonEOS5DNewTax" finished-at="2025-04-30T22:59:31 IST" duration-ms="76" status="PASS">
          <reporter-output>
          </reporter-output>
        </test-method> <!-- TC100_VerifyCanonEOS5DNewTax -->
        <test-method is-config="true" signature="launchUrl()[pri:0, instance:testcases.HomePage_TestCases@6bbe2511]" started-at="2025-04-30T22:59:31 IST" name="launchUrl" finished-at="2025-04-30T22:59:31 IST" duration-ms="295" status="PASS">
          <reporter-output>
          </reporter-output>
        </test-method> <!-- launchUrl -->
        <test-method signature="TC101_VerifyCanonEOS5DOldTax()[pri:0, instance:testcases.HomePage_TestCases@6bbe2511]" started-at="2025-04-30T22:59:31 IST" name="TC101_VerifyCanonEOS5DOldTax" finished-at="2025-04-30T22:59:31 IST" duration-ms="75" status="PASS">
          <reporter-output>
          </reporter-output>
        </test-method> <!-- TC101_VerifyCanonEOS5DOldTax -->
        <test-method is-config="true" signature="launchUrl()[pri:0, instance:testcases.HomePage_TestCases@6bbe2511]" started-at="2025-04-30T22:59:31 IST" name="launchUrl" finished-at="2025-04-30T22:59:31 IST" duration-ms="293" status="PASS">
          <reporter-output>
          </reporter-output>
        </test-method> <!-- launchUrl -->
        <test-method signature="TC102_verifyAgroupof3ButtonsaredisplayedinCanonEOS5DProduct()[pri:0, instance:testcases.HomePage_TestCases@6bbe2511]" started-at="2025-04-30T22:59:31 IST" name="TC102_verifyAgroupof3ButtonsaredisplayedinCanonEOS5DProduct" finished-at="2025-04-30T22:59:31 IST" duration-ms="35" status="PASS">
          <reporter-output>
          </reporter-output>
        </test-method> <!-- TC102_verifyAgroupof3ButtonsaredisplayedinCanonEOS5DProduct -->
        <test-method is-config="true" signature="launchUrl()[pri:0, instance:testcases.HomePage_TestCases@6bbe2511]" started-at="2025-04-30T22:59:31 IST" name="launchUrl" finished-at="2025-04-30T22:59:31 IST" duration-ms="260" status="PASS">
          <reporter-output>
          </reporter-output>
        </test-method> <!-- launchUrl -->
        <test-method signature="TC104_VerifyAddtoWishListButtonofCanonEOS5DProductWithoutLogin()[pri:0, instance:testcases.HomePage_TestCases@6bbe2511]" started-at="2025-04-30T22:59:31 IST" name="TC104_VerifyAddtoWishListButtonofCanonEOS5DProductWithoutLogin" finished-at="2025-04-30T22:59:32 IST" duration-ms="392" status="PASS">
          <reporter-output>
          </reporter-output>
        </test-method> <!-- TC104_VerifyAddtoWishListButtonofCanonEOS5DProductWithoutLogin -->
        <test-method is-config="true" signature="launchUrl()[pri:0, instance:testcases.HomePage_TestCases@6bbe2511]" started-at="2025-04-30T22:59:32 IST" name="launchUrl" finished-at="2025-04-30T22:59:32 IST" duration-ms="297" status="PASS">
          <reporter-output>
          </reporter-output>
        </test-method> <!-- launchUrl -->
        <test-method signature="TC105_VerifyAddtoCanonEOS5DButtonofCanonEOS5DProductWithLogin()[pri:0, instance:testcases.HomePage_TestCases@6bbe2511]" started-at="2025-04-30T22:59:32 IST" name="TC105_VerifyAddtoCanonEOS5DButtonofCanonEOS5DProductWithLogin" finished-at="2025-04-30T22:59:37 IST" duration-ms="4785" status="PASS">
          <reporter-output>
          </reporter-output>
        </test-method> <!-- TC105_VerifyAddtoCanonEOS5DButtonofCanonEOS5DProductWithLogin -->
        <test-method is-config="true" signature="launchUrl()[pri:0, instance:testcases.HomePage_TestCases@6bbe2511]" started-at="2025-04-30T22:59:37 IST" name="launchUrl" finished-at="2025-04-30T22:59:37 IST" duration-ms="432" status="PASS">
          <reporter-output>
          </reporter-output>
        </test-method> <!-- launchUrl -->
        <test-method signature="TC106_VerifyCompareThisProductsButtonofCanonEOS5DProduct()[pri:0, instance:testcases.HomePage_TestCases@6bbe2511]" started-at="2025-04-30T22:59:37 IST" name="TC106_VerifyCompareThisProductsButtonofCanonEOS5DProduct" finished-at="2025-04-30T22:59:38 IST" duration-ms="449" status="PASS">
          <reporter-output>
          </reporter-output>
        </test-method> <!-- TC106_VerifyCompareThisProductsButtonofCanonEOS5DProduct -->
        <test-method is-config="true" signature="launchUrl()[pri:0, instance:testcases.HomePage_TestCases@6bbe2511]" started-at="2025-04-30T22:59:38 IST" name="launchUrl" finished-at="2025-04-30T22:59:38 IST" duration-ms="310" status="PASS">
          <reporter-output>
          </reporter-output>
        </test-method> <!-- launchUrl -->
        <test-method signature="TC107_VerifyClickonAboutUsLinkRedirectingToAboutUsPage()[pri:0, instance:testcases.HomePage_TestCases@6bbe2511]" started-at="2025-04-30T22:59:38 IST" name="TC107_VerifyClickonAboutUsLinkRedirectingToAboutUsPage" finished-at="2025-04-30T22:59:39 IST" duration-ms="664" status="PASS">
          <reporter-output>
          </reporter-output>
        </test-method> <!-- TC107_VerifyClickonAboutUsLinkRedirectingToAboutUsPage -->
        <test-method is-config="true" signature="launchUrl()[pri:0, instance:testcases.HomePage_TestCases@6bbe2511]" started-at="2025-04-30T22:59:39 IST" name="launchUrl" finished-at="2025-04-30T22:59:39 IST" duration-ms="404" status="PASS">
          <reporter-output>
          </reporter-output>
        </test-method> <!-- launchUrl -->
        <test-method signature="TC108_VerifyClickonDeliveryInformationLinkRedirectingToDeliveryInformationPage()[pri:0, instance:testcases.HomePage_TestCases@6bbe2511]" started-at="2025-04-30T22:59:39 IST" name="TC108_VerifyClickonDeliveryInformationLinkRedirectingToDeliveryInformationPage" finished-at="2025-04-30T22:59:40 IST" duration-ms="585" status="PASS">
          <reporter-output>
          </reporter-output>
        </test-method> <!-- TC108_VerifyClickonDeliveryInformationLinkRedirectingToDeliveryInformationPage -->
        <test-method is-config="true" signature="launchUrl()[pri:0, instance:testcases.HomePage_TestCases@6bbe2511]" started-at="2025-04-30T22:59:40 IST" name="launchUrl" finished-at="2025-04-30T22:59:40 IST" duration-ms="410" status="PASS">
          <reporter-output>
          </reporter-output>
        </test-method> <!-- launchUrl -->
        <test-method signature="TC109_VerifyClickonPrivacypolicyLinkRedirectingToPrivacypolicyPage()[pri:0, instance:testcases.HomePage_TestCases@6bbe2511]" started-at="2025-04-30T22:59:40 IST" name="TC109_VerifyClickonPrivacypolicyLinkRedirectingToPrivacypolicyPage" finished-at="2025-04-30T22:59:41 IST" duration-ms="573" status="PASS">
          <reporter-output>
          </reporter-output>
        </test-method> <!-- TC109_VerifyClickonPrivacypolicyLinkRedirectingToPrivacypolicyPage -->
        <test-method is-config="true" signature="launchUrl()[pri:0, instance:testcases.HomePage_TestCases@6bbe2511]" started-at="2025-04-30T22:59:41 IST" name="launchUrl" finished-at="2025-04-30T22:59:41 IST" duration-ms="418" status="PASS">
          <reporter-output>
          </reporter-output>
        </test-method> <!-- launchUrl -->
        <test-method signature="TC110_VerifyClickonTermsAndConditionsLinkRedirectingToTermsAndConditionsPage()[pri:0, instance:testcases.HomePage_TestCases@6bbe2511]" started-at="2025-04-30T22:59:41 IST" name="TC110_VerifyClickonTermsAndConditionsLinkRedirectingToTermsAndConditionsPage" finished-at="2025-04-30T22:59:42 IST" duration-ms="517" status="PASS">
          <reporter-output>
          </reporter-output>
        </test-method> <!-- TC110_VerifyClickonTermsAndConditionsLinkRedirectingToTermsAndConditionsPage -->
        <test-method is-config="true" signature="launchUrl()[pri:0, instance:testcases.HomePage_TestCases@6bbe2511]" started-at="2025-04-30T22:59:42 IST" name="launchUrl" finished-at="2025-04-30T22:59:42 IST" duration-ms="383" status="PASS">
          <reporter-output>
          </reporter-output>
        </test-method> <!-- launchUrl -->
        <test-method signature="TC111_VerifyClickonContactUsLinkRedirectingToContactUsPage()[pri:0, instance:testcases.HomePage_TestCases@6bbe2511]" started-at="2025-04-30T22:59:42 IST" name="TC111_VerifyClickonContactUsLinkRedirectingToContactUsPage" finished-at="2025-04-30T22:59:43 IST" duration-ms="555" status="PASS">
          <reporter-output>
          </reporter-output>
        </test-method> <!-- TC111_VerifyClickonContactUsLinkRedirectingToContactUsPage -->
        <test-method is-config="true" signature="launchUrl()[pri:0, instance:testcases.HomePage_TestCases@6bbe2511]" started-at="2025-04-30T22:59:43 IST" name="launchUrl" finished-at="2025-04-30T22:59:43 IST" duration-ms="432" status="PASS">
          <reporter-output>
          </reporter-output>
        </test-method> <!-- launchUrl -->
        <test-method signature="TC112_VerifyClickonReturnsLinkRedirectingToReturnsPage()[pri:0, instance:testcases.HomePage_TestCases@6bbe2511]" started-at="2025-04-30T22:59:43 IST" name="TC112_VerifyClickonReturnsLinkRedirectingToReturnsPage" finished-at="2025-04-30T22:59:44 IST" duration-ms="676" status="PASS">
          <reporter-output>
          </reporter-output>
        </test-method> <!-- TC112_VerifyClickonReturnsLinkRedirectingToReturnsPage -->
        <test-method is-config="true" signature="launchUrl()[pri:0, instance:testcases.HomePage_TestCases@6bbe2511]" started-at="2025-04-30T22:59:44 IST" name="launchUrl" finished-at="2025-04-30T22:59:44 IST" duration-ms="410" status="PASS">
          <reporter-output>
          </reporter-output>
        </test-method> <!-- launchUrl -->
        <test-method signature="TC113_VerifyClickonSiteMapLinkRedirectingToSiteMapPage()[pri:0, instance:testcases.HomePage_TestCases@6bbe2511]" started-at="2025-04-30T22:59:44 IST" name="TC113_VerifyClickonSiteMapLinkRedirectingToSiteMapPage" finished-at="2025-04-30T22:59:45 IST" duration-ms="625" status="PASS">
          <reporter-output>
          </reporter-output>
        </test-method> <!-- TC113_VerifyClickonSiteMapLinkRedirectingToSiteMapPage -->
        <test-method is-config="true" signature="launchUrl()[pri:0, instance:testcases.HomePage_TestCases@6bbe2511]" started-at="2025-04-30T22:59:45 IST" name="launchUrl" finished-at="2025-04-30T22:59:45 IST" duration-ms="412" status="PASS">
          <reporter-output>
          </reporter-output>
        </test-method> <!-- launchUrl -->
        <test-method signature="TC114_VerifyClickonBrandLinkRedirectingToFindYourFavoriteBrandPage()[pri:0, instance:testcases.HomePage_TestCases@6bbe2511]" started-at="2025-04-30T22:59:45 IST" name="TC114_VerifyClickonBrandLinkRedirectingToFindYourFavoriteBrandPage" finished-at="2025-04-30T22:59:46 IST" duration-ms="601" status="PASS">
          <reporter-output>
          </reporter-output>
        </test-method> <!-- TC114_VerifyClickonBrandLinkRedirectingToFindYourFavoriteBrandPage -->
        <test-method is-config="true" signature="launchUrl()[pri:0, instance:testcases.HomePage_TestCases@6bbe2511]" started-at="2025-04-30T22:59:46 IST" name="launchUrl" finished-at="2025-04-30T22:59:46 IST" duration-ms="396" status="PASS">
          <reporter-output>
          </reporter-output>
        </test-method> <!-- launchUrl -->
        <test-method signature="TC115_VerifyClickonGiftCertificatesLinkRedirectingToPurchaseAGiftCertificatePage()[pri:0, instance:testcases.HomePage_TestCases@6bbe2511]" started-at="2025-04-30T22:59:46 IST" name="TC115_VerifyClickonGiftCertificatesLinkRedirectingToPurchaseAGiftCertificatePage" finished-at="2025-04-30T22:59:47 IST" duration-ms="636" status="PASS">
          <reporter-output>
          </reporter-output>
        </test-method> <!-- TC115_VerifyClickonGiftCertificatesLinkRedirectingToPurchaseAGiftCertificatePage -->
        <test-method is-config="true" signature="launchUrl()[pri:0, instance:testcases.HomePage_TestCases@6bbe2511]" started-at="2025-04-30T22:59:47 IST" name="launchUrl" finished-at="2025-04-30T22:59:47 IST" duration-ms="400" status="PASS">
          <reporter-output>
          </reporter-output>
        </test-method> <!-- launchUrl -->
        <test-method signature="TC116_VerifyClickonAffiliateLinkRedirectingToAffiliateProgramPageWithoutLogin()[pri:0, instance:testcases.HomePage_TestCases@6bbe2511]" started-at="2025-04-30T22:59:47 IST" name="TC116_VerifyClickonAffiliateLinkRedirectingToAffiliateProgramPageWithoutLogin" finished-at="2025-04-30T22:59:48 IST" duration-ms="619" status="PASS">
          <reporter-output>
          </reporter-output>
        </test-method> <!-- TC116_VerifyClickonAffiliateLinkRedirectingToAffiliateProgramPageWithoutLogin -->
        <test-method is-config="true" signature="launchUrl()[pri:0, instance:testcases.HomePage_TestCases@6bbe2511]" started-at="2025-04-30T22:59:48 IST" name="launchUrl" finished-at="2025-04-30T22:59:48 IST" duration-ms="408" status="PASS">
          <reporter-output>
          </reporter-output>
        </test-method> <!-- launchUrl -->
        <test-method signature="TC117_VerifyClickonAffiliateLinkRedirectingToMyAffiliateAccountPageWithLogin()[pri:0, instance:testcases.HomePage_TestCases@6bbe2511]" started-at="2025-04-30T22:59:48 IST" name="TC117_VerifyClickonAffiliateLinkRedirectingToMyAffiliateAccountPageWithLogin" finished-at="2025-04-30T22:59:52 IST" duration-ms="3300" status="PASS">
          <reporter-output>
          </reporter-output>
        </test-method> <!-- TC117_VerifyClickonAffiliateLinkRedirectingToMyAffiliateAccountPageWithLogin -->
        <test-method is-config="true" signature="launchUrl()[pri:0, instance:testcases.HomePage_TestCases@6bbe2511]" started-at="2025-04-30T22:59:52 IST" name="launchUrl" finished-at="2025-04-30T22:59:52 IST" duration-ms="401" status="PASS">
          <reporter-output>
          </reporter-output>
        </test-method> <!-- launchUrl -->
        <test-method signature="TC118_VerifyClickonSpecialLinkRedirectingToSpecialOffersPage()[pri:0, instance:testcases.HomePage_TestCases@6bbe2511]" started-at="2025-04-30T22:59:52 IST" name="TC118_VerifyClickonSpecialLinkRedirectingToSpecialOffersPage" finished-at="2025-04-30T22:59:53 IST" duration-ms="601" status="PASS">
          <reporter-output>
          </reporter-output>
        </test-method> <!-- TC118_VerifyClickonSpecialLinkRedirectingToSpecialOffersPage -->
        <test-method is-config="true" signature="tearDown()[pri:0, instance:testcases.HomePage_TestCases@6bbe2511]" started-at="2025-04-30T22:59:53 IST" name="tearDown" finished-at="2025-04-30T22:59:53 IST" duration-ms="669" status="PASS">
          <reporter-output>
          </reporter-output>
        </test-method> <!-- tearDown -->
      </class> <!-- testcases.HomePage_TestCases -->
    </test> <!-- ChromeTest -->
  </suite> <!-- Test Suite -->
</testng-results>
