<?xml version="1.0" encoding="UTF-8"?>
<!-- Generated by org.testng.reporters.JUnitXMLReporter -->
<testsuite ignored="5" hostname="DESKTOP-NO62424" failures="2" tests="116" name="ChromeTest" time="181.953" errors="0" timestamp="2025-04-30T23:00:23 IST">
  <testcase classname="testcases.HomePage_TestCases" name="TC001_VerifyHomePageLoadSuccessfully" time="0.103"/>
  <testcase classname="testcases.HomePage_TestCases" name="TC002_VerifyHomePageTitle" time="0.024"/>
  <testcase classname="testcases.HomePage_TestCases" name="TC003_VerifyISLogoDisplayed" time="0.195"/>
  <testcase classname="testcases.HomePage_TestCases" name="TC004_verifyCurencyareDisplayedinsideCurrencyLink" time="0.366"/>
  <testcase classname="testcases.HomePage_TestCases" name="TC005_VerifyEuroCurrencyButtonTest" time="1.008"/>
  <testcase classname="testcases.HomePage_TestCases" name="TC006_VerifyPoundCurrencyButtonTest" time="0.953"/>
  <testcase classname="testcases.HomePage_TestCases" name="TC007_VerifyDollarCurrencyButtonTest" time="0.907"/>
  <testcase classname="testcases.HomePage_TestCases" name="TC008_VerifyContactlnkRedirectingtoContactPage" time="0.918"/>
  <testcase classname="testcases.HomePage_TestCases" name="TC009_verifyLinksareDisplayedinsideMyAccountLink" time="0.311"/>
  <testcase classname="testcases.HomePage_TestCases" name="TC0103_VerifyAddtoCartButtonoRedirectingToCanonEOS5DProductPage" time="0.071"/>
  <testcase classname="testcases.HomePage_TestCases" name="TC010_VerifyRegisterlnkRedirectingtoRegisterAccountPage" time="1.052"/>
  <testcase classname="testcases.HomePage_TestCases" name="TC011_VerifyLoginlnkRedirectingtoReturingCustomerPage" time="0.72"/>
  <testcase classname="testcases.HomePage_TestCases" name="TC012_VerifyWishListlnkRedirectingtoReturingCustomerPageWithoutLogin" time="0.772"/>
  <testcase classname="testcases.HomePage_TestCases" name="TC014_VerifyShoppingCartlnkRedirectingtoShoppingCartPageWithoutLogin" time="0.549"/>
  <testcase classname="testcases.HomePage_TestCases" name="TC016_VerifycheckoutlnkRedirectingtoShoppingCartPageWithoutLogin" time="0.605"/>
  <testcase classname="testcases.HomePage_TestCases" name="TC018_VerifysearchInputBoxIsEnabled" time="0.084"/>
  <testcase classname="testcases.HomePage_TestCases" name="TC019_VerifysearchInputBoxWithRegisteredtextValue" time="0.925"/>
  <testcase classname="testcases.HomePage_TestCases" name="TC020_VerifysearchInputBoxWithUnRegisteredtextValue" time="0.772"/>
  <testcase classname="testcases.HomePage_TestCases" name="TC021_VerifysearchInputBoxWithNotextValue" time="0.856"/>
  <testcase classname="testcases.HomePage_TestCases" name="TC023_VerifyaddtocartbuttonRedirectingtoPageWithMsgWithoutLogin" time="0.255"/>
  <testcase classname="testcases.HomePage_TestCases" name="TC024_VerifyMyAccountLinkRedirectingtoMyAccountPage" time="3.416"/>
  <testcase classname="testcases.HomePage_TestCases" name="TC025_VerifyOrderHistoryLinkRedirectingtoOrderHistoryPage" time="3.554"/>
  <testcase classname="testcases.HomePage_TestCases" name="TC026_VerifyTransactionsLinkRedirectingtoYourTransactionsPage" time="3.407"/>
  <testcase classname="testcases.HomePage_TestCases" name="TC027_VerifyDownloadsLinkRedirectingtoAccountDownloadsPage" time="3.394"/>
  <testcase classname="testcases.HomePage_TestCases" name="TC028_VerifyLogoutLinkRedirectingtoLogoutPage" time="2.491"/>
  <testcase classname="testcases.HomePage_TestCases" name="TC029_hoveringMouseOnDesktopsLink" time="0.362"/>
  <testcase classname="testcases.HomePage_TestCases" name="TC030_PC0LinkisredirectingtoPCPage" time="0.626"/>
  <testcase classname="testcases.HomePage_TestCases" name="TC031_Mac1LinkisredirectingtoMacPage" time="0.751"/>
  <testcase classname="testcases.HomePage_TestCases" name="TC032_ShowAllDesktopsLinkisredirectingtoDesktopsPage" time="0.928"/>
  <testcase classname="testcases.HomePage_TestCases" name="TC033_hoveringMouseOnLaptopsandNotebooksLink" time="0.356"/>
  <testcase classname="testcases.HomePage_TestCases" name="TC034_Macs0LinkisredirectingtoMacsPage" time="0.696"/>
  <testcase classname="testcases.HomePage_TestCases" name="TC035_windows0LinkisredirectingtoWindowsPage" time="0.711"/>
  <testcase classname="testcases.HomePage_TestCases" name="TC036_ShowAllLaptopsandNotebooksLinkisredirectingtoLaptopsandNotebooksPage" time="0.691"/>
  <testcase classname="testcases.HomePage_TestCases" name="TC037_hoveringMouseOncomponentsLink" time="0.492"/>
  <testcase classname="testcases.HomePage_TestCases" name="TC038_miceandtrackballs0lnkisredirectingtomiceandtrackballsPage" time="0.7"/>
  <testcase classname="testcases.HomePage_TestCases" name="TC039_monitors2lnkkisredirectingtomonitorsPage" time="0.762"/>
  <testcase classname="testcases.HomePage_TestCases" name="TC040_printers0lnkisredirectingtoPrinterskPage" time="0.747"/>
  <testcase classname="testcases.HomePage_TestCases" name="TC041_scanners0lnkisredirectingtoScannersPage" time="0.685"/>
  <testcase classname="testcases.HomePage_TestCases" name="TC042_webcameras0lnkisredirectingtoWebCamerasPage" time="0.778"/>
  <testcase classname="testcases.HomePage_TestCases" name="TC043_ClickonshowallcomponentslnisredirectingtoComponentsPage" time="0.705"/>
  <testcase classname="testcases.HomePage_TestCases" name="TC044_ClickontabletslnkRedirectingtoTabletsPage" time="0.558"/>
  <testcase classname="testcases.HomePage_TestCases" name="TC045_ClickonsofwarelnkRedirectingtoSoftwarePage" time="0.597"/>
  <testcase classname="testcases.HomePage_TestCases" name="TC046_ClickonphonesandpdaslnkRedirectingtoPhonesAndPDASPage" time="0.593"/>
  <testcase classname="testcases.HomePage_TestCases" name="TC047_ClickoncameraslnkRedirectingtoCamerasPage" time="0.573"/>
  <testcase classname="testcases.HomePage_TestCases" name="TC048_hoveringMouseOnMp3PlayersLink" time="0.932"/>
  <testcase classname="testcases.HomePage_TestCases" name="TC049_ClickonTest11_0_lnkRedirectingtotest11Page" time="0.652"/>
  <testcase classname="testcases.HomePage_TestCases" name="TC050_ClickonTest12_0_lnkRedirectingtotest12Page" time="0.567"/>
  <testcase classname="testcases.HomePage_TestCases" name="TC051_ClickonTest15_0_lnkRedirectingtotest15Page" time="0.706"/>
  <testcase classname="testcases.HomePage_TestCases" name="TC052_ClickonTest16_0_lnkRedirectingtotest16Page" time="0.672"/>
  <testcase classname="testcases.HomePage_TestCases" name="TC053_ClickonTest17_0_lnkRedirectingtotest17Page" time="0.618"/>
  <testcase classname="testcases.HomePage_TestCases" name="TC054_ClickonTest18_0_lnkRedirectingtotest18Page" time="0.61"/>
  <testcase classname="testcases.HomePage_TestCases" name="TC055_ClickonTest19_0_lnkRedirectingtotest19Page" time="0.65"/>
  <testcase classname="testcases.HomePage_TestCases" name="TC056_ClickonTest20_0_lnkRedirectingtotest20Page" time="1.008"/>
  <testcase classname="testcases.HomePage_TestCases" name="TC057_ClickonTest21_0_lnkRedirectingtotest21Page" time="0.658"/>
  <testcase classname="testcases.HomePage_TestCases" name="TC058_ClickonTest22_0_lnkRedirectingtotest22Page" time="0.671"/>
  <testcase classname="testcases.HomePage_TestCases" name="TC059_ClickonTest23_0_lnkRedirectingtotest23Page" time="0.646"/>
  <testcase classname="testcases.HomePage_TestCases" name="TC060_ClickonTest24_0_lnkRedirectingtotest24Page" time="0.715"/>
  <testcase classname="testcases.HomePage_TestCases" name="TC061_ClickonTest4_0_lnkRedirectingtotest4Page" time="0.641"/>
  <testcase classname="testcases.HomePage_TestCases" name="TC062_ClickonTest5_0_lnkRedirectingtotest5Page" time="0.721"/>
  <testcase classname="testcases.HomePage_TestCases" name="TC063_ClickonTest6_0_lnkRedirectingtotest6Page" time="0.724"/>
  <testcase classname="testcases.HomePage_TestCases" name="TC064_ClickonTest7_0_lnkRedirectingtotest7Page" time="0.738"/>
  <testcase classname="testcases.HomePage_TestCases" name="TC065_ClickonTest8_0_lnkRedirectingtotest8Page" time="0.708"/>
  <testcase classname="testcases.HomePage_TestCases" name="TC066_ClickonTest9_0_lnkRedirectingtotest9Page" time="1.181"/>
  <testcase classname="testcases.HomePage_TestCases" name="TC067_ClickonShowAllMP3PlayerslnkRedirectingtoMP3PlayersPage" time="0.765"/>
  <testcase classname="testcases.HomePage_TestCases" name="TC068_verifyFourProductsInFeaturedHeadline" time="0.283"/>
  <testcase classname="testcases.HomePage_TestCases" name="TC069_VerifyMacBooklinkisredirectingtoMacBookpage" time="1.024"/>
  <testcase classname="testcases.HomePage_TestCases" name="TC070_VerifyMacBookDescription" time="0.097"/>
  <testcase classname="testcases.HomePage_TestCases" name="TC071_VerifyMacBookTax" time="0.105">
    <failure type="java.lang.AssertionError" message="Tax is not matching expected [Tax:$600.00] but found [$602.00
Ex Tax:$500.00]">
      <![CDATA[java.lang.AssertionError: Tax is not matching expected [Tax:$600.00] but found [$602.00
Ex Tax:$500.00]
at testcases.HomePage_TestCases.TC071_VerifyMacBookTax(HomePage_TestCases.java:1269)
at java.base/java.util.ArrayList.forEach(ArrayList.java:1597)
... Removed 30 stack frames]]>
    </failure>
  </testcase> <!-- TC071_VerifyMacBookTax -->
  <testcase classname="testcases.HomePage_TestCases" name="TC072_VerifyMacBookExTax" time="0.104"/>
  <testcase classname="testcases.HomePage_TestCases" name="TC073_verifyAgroupof3ButtonsaredisplayedinMacbookProduct" time="0.053"/>
  <testcase classname="testcases.HomePage_TestCases" name="TC074_VerifyAddtoCartButtonofMacBookProduct" time="0.585"/>
  <testcase classname="testcases.HomePage_TestCases" name="TC075_VerifyAddtoWishListButtonofMacBookProductWithoutLogin" time="0.421"/>
  <testcase classname="testcases.HomePage_TestCases" name="TC076_VerifyAddtoWishListButtonofMacBookProductWithLogin" time="4.657"/>
  <testcase classname="testcases.HomePage_TestCases" name="TC077_VerifyCompareThisProductsButtonofMacBookProduct" time="0.425"/>
  <testcase classname="testcases.HomePage_TestCases" name="TC078_VerifyiphoneLnkisRedirectToiphonePage" time="0.643"/>
  <testcase classname="testcases.HomePage_TestCases" name="TC079_VerifyiPhoneDescription" time="0.107"/>
  <testcase classname="testcases.HomePage_TestCases" name="TC080_VerifyiPhoneExTax" time="0.125"/>
  <testcase classname="testcases.HomePage_TestCases" name="TC081_VerifyiPhoneTax" time="0.095">
    <failure type="java.lang.AssertionError" message="Tax is not matching expected [$123.00] but found [$123.20
Ex Tax:$101.00]">
      <![CDATA[java.lang.AssertionError: Tax is not matching expected [$123.00] but found [$123.20
Ex Tax:$101.00]
at testcases.HomePage_TestCases.TC081_VerifyiPhoneTax(HomePage_TestCases.java:1464)
at java.base/java.util.ArrayList.forEach(ArrayList.java:1597)
... Removed 30 stack frames]]>
    </failure>
  </testcase> <!-- TC081_VerifyiPhoneTax -->
  <testcase classname="testcases.HomePage_TestCases" name="TC082_verifyAgroupof3ButtonsaredisplayediniPhoneProduct" time="0.056"/>
  <testcase classname="testcases.HomePage_TestCases" name="TC083_VerifyAddtoCartButtonofiPhoneProduct" time="0.453"/>
  <testcase classname="testcases.HomePage_TestCases" name="TC084_VerifyAddtoWishListButtonofiPhoneProductWithoutLogin" time="0.356"/>
  <testcase classname="testcases.HomePage_TestCases" name="TC085_VerifyAddtoWishListButtonofiPhoneProductWithLogin" time="5.387"/>
  <testcase classname="testcases.HomePage_TestCases" name="TC086_VerifyCompareThisProductsButtonofiPhoneProduct" time="0.455"/>
  <testcase classname="testcases.HomePage_TestCases" name="TC087_VerifyAppleCinema30LnkisRedirectToAppleCinema30Page" time="0.863"/>
  <testcase classname="testcases.HomePage_TestCases" name="TC088_VerifyAppleCinema30Description" time="0.098"/>
  <testcase classname="testcases.HomePage_TestCases" name="TC089_VerifyAppleCinema30ExTax" time="0.112"/>
  <testcase classname="testcases.HomePage_TestCases" name="TC090_VerifyAppleCinema30NewTax" time="0.106"/>
  <testcase classname="testcases.HomePage_TestCases" name="TC091_VerifyAppleCinema30OldTax" time="0.115"/>
  <testcase classname="testcases.HomePage_TestCases" name="TC092_verifyAgroupof3ButtonsaredisplayedinAppleCinema30Product" time="0.061"/>
  <testcase classname="testcases.HomePage_TestCases" name="TC093_VerifyAddtoCartButtonoRedirectingToAppleCinema30ProductPage" time="0.881"/>
  <testcase classname="testcases.HomePage_TestCases" name="TC094_VerifyAddtoWishListButtonofAppleCinema30ProductWithoutLogin" time="0.435"/>
  <testcase classname="testcases.HomePage_TestCases" name="TC095_VerifyAddtoAppleCinema30ButtonofAppleCinema30ProductWithLogin" time="5.279"/>
  <testcase classname="testcases.HomePage_TestCases" name="TC096_VerifyCompareThisProductsButtonofAppleCinema30Product" time="0.429"/>
  <testcase classname="testcases.HomePage_TestCases" name="TC097_VerifyCanonEOS5DLnkisRedirectToCanonEOS5DPage" time="0.624"/>
  <testcase classname="testcases.HomePage_TestCases" name="TC098_VerifyCanonEOS5DDescription" time="0.114"/>
  <testcase classname="testcases.HomePage_TestCases" name="TC099_VerifyCanonEOS5DExTax" time="0.09"/>
  <testcase classname="testcases.HomePage_TestCases" name="TC100_VerifyCanonEOS5DNewTax" time="0.076"/>
  <testcase classname="testcases.HomePage_TestCases" name="TC101_VerifyCanonEOS5DOldTax" time="0.075"/>
  <testcase classname="testcases.HomePage_TestCases" name="TC102_verifyAgroupof3ButtonsaredisplayedinCanonEOS5DProduct" time="0.035"/>
  <testcase classname="testcases.HomePage_TestCases" name="TC104_VerifyAddtoWishListButtonofCanonEOS5DProductWithoutLogin" time="0.392"/>
  <testcase classname="testcases.HomePage_TestCases" name="TC105_VerifyAddtoCanonEOS5DButtonofCanonEOS5DProductWithLogin" time="4.785"/>
  <testcase classname="testcases.HomePage_TestCases" name="TC106_VerifyCompareThisProductsButtonofCanonEOS5DProduct" time="0.449"/>
  <testcase classname="testcases.HomePage_TestCases" name="TC107_VerifyClickonAboutUsLinkRedirectingToAboutUsPage" time="0.664"/>
  <testcase classname="testcases.HomePage_TestCases" name="TC108_VerifyClickonDeliveryInformationLinkRedirectingToDeliveryInformationPage" time="0.585"/>
  <testcase classname="testcases.HomePage_TestCases" name="TC109_VerifyClickonPrivacypolicyLinkRedirectingToPrivacypolicyPage" time="0.573"/>
  <testcase classname="testcases.HomePage_TestCases" name="TC110_VerifyClickonTermsAndConditionsLinkRedirectingToTermsAndConditionsPage" time="0.517"/>
  <testcase classname="testcases.HomePage_TestCases" name="TC111_VerifyClickonContactUsLinkRedirectingToContactUsPage" time="0.555"/>
  <testcase classname="testcases.HomePage_TestCases" name="TC112_VerifyClickonReturnsLinkRedirectingToReturnsPage" time="0.676"/>
  <testcase classname="testcases.HomePage_TestCases" name="TC113_VerifyClickonSiteMapLinkRedirectingToSiteMapPage" time="0.625"/>
  <testcase classname="testcases.HomePage_TestCases" name="TC114_VerifyClickonBrandLinkRedirectingToFindYourFavoriteBrandPage" time="0.601"/>
  <testcase classname="testcases.HomePage_TestCases" name="TC115_VerifyClickonGiftCertificatesLinkRedirectingToPurchaseAGiftCertificatePage" time="0.636"/>
  <testcase classname="testcases.HomePage_TestCases" name="TC116_VerifyClickonAffiliateLinkRedirectingToAffiliateProgramPageWithoutLogin" time="0.619"/>
  <testcase classname="testcases.HomePage_TestCases" name="TC117_VerifyClickonAffiliateLinkRedirectingToMyAffiliateAccountPageWithLogin" time="3.3"/>
  <testcase classname="testcases.HomePage_TestCases" name="TC118_VerifyClickonSpecialLinkRedirectingToSpecialOffersPage" time="0.601"/>
  <testcase classname="testcases.TC001_AccountRegistractionTest" name="TC001_AccountRegistrationTest" time="4.797"/>
  <testcase classname="testcases.TC002_LoginTest" name="verify_Login" time="2.393"/>
  <testcase classname="testcases.HomePage_TestCases" name="TC015_VerifyShoppingCartlnkRedirectingtoShoppingCartPageWithLogin" time="0.0">
    <ignored/>
  </testcase> <!-- TC015_VerifyShoppingCartlnkRedirectingtoShoppingCartPageWithLogin -->
  <testcase classname="testcases.HomePage_TestCases" name="TC017_VerifycheckoutlnkRedirectingtoShoppingCartPageWithLogin" time="0.0">
    <ignored/>
  </testcase> <!-- TC017_VerifycheckoutlnkRedirectingtoShoppingCartPageWithLogin -->
  <testcase classname="testcases.TC003_LoginDDT" name="TC003_verify_LoginDDT" time="0.0">
    <ignored/>
  </testcase> <!-- TC003_verify_LoginDDT -->
  <testcase classname="testcases.HomePage_TestCases" name="TC013_VerifyWishListlnkRedirectingtoMyWishListPageWithLogin" time="0.0">
    <ignored/>
  </testcase> <!-- TC013_VerifyWishListlnkRedirectingtoMyWishListPageWithLogin -->
  <testcase classname="testcases.HomePage_TestCases" name="TC022_VerifyaddtoCartbuttonredirecttobillingPageWithLogin" time="0.0">
    <ignored/>
  </testcase> <!-- TC022_VerifyaddtoCartbuttonredirecttobillingPageWithLogin -->
</testsuite> <!-- ChromeTest -->
