<?xml version="1.0" encoding="UTF-8"?>
<!-- Generated by org.testng.reporters.JUnitXMLReporter -->
<testsuite ignored="1" hostname="DESKTOP-NO62424" failures="0" tests="2" name="FirefoxTest" time="75.544" errors="0" timestamp="2024-11-28T23:12:10 IST">
  <testcase classname="testcases.TC001_AccountRegistractionTest" name="TC001_AccountRegistrationTest" time="9.549"/>
  <testcase classname="testcases.TC002_LoginTest" name="verify_Login" time="1.773"/>
  <testcase classname="testcases.TC003_LoginDDT" name="TC003_verify_LoginDDT" time="0.0">
    <ignored/>
  </testcase> <!-- TC003_verify_LoginDDT -->
</testsuite> <!-- FirefoxTest -->
